#
# A fatal error has been detected by the Java Runtime Environment:
#
#  EXCEPTION_ACCESS_VIOLATION (0xc0000005) at pc=0x00007ffd8cc031a7, pid=17228, tid=2752
#
# JRE version: Java(TM) SE Runtime Environment 18.9 (11.0.16+11) (build 11.0.16+11-LTS-199)
# Java VM: Java HotSpot(TM) 64-Bit Server VM 18.9 (11.0.16+11-LTS-199, mixed mode, tiered, compressed oops, g1 gc, windows-amd64)
# Problematic frame:
# V  [jvm.dll+0x3631a7]
#
# No core dump will be written. Minidumps are not enabled by default on client versions of Windows
#
# If you would like to submit a bug report, please visit:
#   https://bugreport.java.com/bugreport/crash.jsp
#

---------------  S U M M A R Y ------------

Command Line: -Dij.spring.boot.application.process=8c3438af-0704-4f5c-b7b2-125d420e9312 -Dmanagement.endpoints.jmx.exposure.include=* -Dspring.application.admin.enabled=true -Dspring.jmx.enabled=true -Dspring.liveBeansView.mbeanDomain -Dspring.output.ansi.enabled=always -XX:TieredStopAtLevel=1 -Dcom.sun.management.jmxremote -Dfile.encoding=windows-1252 -Duser.country=FR -Duser.language=fr -Duser.variant priam.datasubject.PriamDataSubjectServiceApplication

Host: Intel(R) Core(TM) i7-8565U CPU @ 1.80GHz, 8 cores, 7G,  Windows 10 , 64 bit Build 19041 (10.0.19041.2913)
Time: Wed Jun 14 09:25:50 2023 Paris, Madrid (heure duild 19041 (10.0.19041.2913) elapsed time: 317.748761 seconds (0d 0h 5m 17s)

---------------  T H R E A D  ---------------

Current thread (0x0000013f7847f000):  JavaThread "AsyncResolver-bootstrap-executor-0" daemon [_thread_in_vm, id=2752, stack(0x0000003eb0100000,0x0000003eb0200000)]

Stack: [0x0000003eb0100000,0x0000003eb0200000],  sp=0x0000003eb01ff080,  free space=1020k
Native frames: (J=compiled Java code, j=interpreted, Vv=VM code, C=native code)
V  [jvm.dll+0x3631a7]
V  [jvm.dll+0x62a312]
V  [jvm.dll+0x363c6a]
V  [jvm.dll+0x363ef7]
V  [jvm.dll+0x3dcff1]
V  [jvm.dll+0x729fa0]
V  [jvm.dll+0x722b74]
