#
# There is insufficient memory for the Java Runtime Environment to continue.
# Native memory allocation (malloc) failed to allocate 32744 bytes for ChunkPool::allocate
# Possible reasons:
#   The system is out of physical RAM or swap space
#   The process is running with CompressedOops enabled, and the Java Heap may be blocking the growth of the native heap
# Possible solutions:
#   Reduce memory load on the system
#   Increase physical memory or swap space
#   Check if swap backing store is full
#   Decrease Java heap size (-Xmx/-Xms)
#   Decrease number of Java threads
#   Decrease Java thread stack sizes (-Xss)
#   Set larger code cache with -XX:ReservedCodeCacheSize=
#   JVM is running with Unscaled Compressed Oops mode in which the Java heap is
#     placed in the first 4GB address space. The Java Heap base address is the
#     maximum limit for the native heap growth. Please use -XX:HeapBaseMinAddress
#     to set the Java Heap base and to place the Java Heap above 4GB virtual address.
# This output file may be truncated or incomplete.
#
#  Out of Memory Error (./open/src/hotspot/share/memory/arena.cpp:81), pid=4960, tid=8200
#
# JRE version: Java(TM) SE Runtime Environment 18.9 (11.0.16+11) (build 11.0.16+11-LTS-199)
# Java VM: Java HotSpot(TM) 64-Bit Server VM 18.9 (11.0.16+11-LTS-199, mixed mode, tiered, compressed oops, g1 gc, windows-amd64)
# No core dump will be written. Minidumps are not enabled by default on client versions of Windows
#

---------------  S U M M A R Y ------------

Command Line: --add-opens=java.base/java.util=ALL-UNNAMED --add-opens=java.base/java.lang=ALL-UNNAMED --add-opens=java.base/java.lang.invoke=ALL-UNNAMED --add-opens=java.base/java.util=ALL-UNNAMED --add-opens=java.prefs/java.util.prefs=ALL-UNNAMED --add-opens=java.prefs/java.util.prefs=ALL-UNNAMED --add-opens=java.base/java.nio.charset=ALL-UNNAMED --add-opens=java.base/java.net=ALL-UNNAMED --add-opens=java.base/java.util.concurrent.atomic=ALL-UNNAMED -XX:MaxMetaspaceSize=256m -XX:+HeapDumpOnOutOfMemoryError -Xms256m -Xmx512m -Dfile.encoding=windows-1252 -Duser.country=FR -Duser.language=fr -Duser.variant org.gradle.launcher.daemon.bootstrap.GradleDaemon 7.4.1

Host: Intel(R) Core(TM) i7-8565U CPU @ 1.80GHz, 8 cores, 7G,  Windows 10 , 64 bit Build 19041 (10.0.19041.2913)
Time: Tue Jun 13 23:03:55 2023 Paris, Madrid (heure duild 19041 (10.0.19041.2913) elapsed time: 55.318199 seconds (0d 0h 0m 55s)

---------------  T H R E A D  ---------------

Current thread (0x00000268911b6800):  JavaThread "Asynchronous log dispatcher for DefaultDaemonConnection: socket connection from /127.0.0.1:52224 to /127.0.0.1:52225" [_thread_in_vm, id=8200, stack(0x000000c06c900000,0x000000c06ca00000)]

Stack: [0x000000c06c900000,0x000000c06ca00000]
Native frames: (J=compiled Java code, j=interpreted, Vv=VM code, C=native code)
V  [jvm.dll+0x62a3ea]
V  [jvm.dll+0x76418f]
V  [jvm.dll+0x765839]
V  [jvm.dll+0x765ec3]
V  [jvm.dll+0x23da98]
V  [jvm.dll+0xb2c7b]
V  [jvm.dll+0xb2fdc]
V  [jvm.dll+0x75a583]
V  [jvm.dll+0x75ac9f]
V  [jvm.dll+0x75d7ad]
V  [jvm.dll+0x759f9b]
V  [jvm.dll+0xffa38]
V  [jvm.dll+0x100d7f]
V  [jvm.dll+0x10056d]
V  [jvm.dll+0x6f94e3]
V  [jvm.dll+0x3f37ab]
C  0x0000026887baa873

Java frames: (J=compiled Java code, j=interpreted, Vv=VM code)
J 1853  java.lang.Object.notifyAll()V java.base@11.0.16 (0 bytes) @ 0x0000026887baa7db [0x0000026887baa7a0+0x000000000000003b]
j  java.io.ObjectStreamClass$EntryFuture.set(Ljava/lang/Object;)Z+18 java.base@11.0.16
j  java.io.ObjectStreamClass.lookup(Ljava/lang/Class;Z)Ljava/io/ObjectStreamClass;+229 java.base@11.0.16
j  java.io.ObjectStreamClass.<init>(Ljava/lang/Class;)V+72 java.base@11.0.16
j  java.io.ObjectStreamClass.lookup(Ljava/lang/Class;Z)Ljava/io/ObjectStreamClass;+211 java.base@11.0.16
j  java.io.ObjectStreamClass.<init>(Ljava/lang/Class;)V+72 java.base@11.0.16
j  java.io.ObjectStreamClass.lookup(Ljava/lang/Class;Z)Ljava/io/ObjectStreamClass;+211 java.base@11.0.16
j  java.io.ObjectOutputStream.writeObject0(Ljava/lang/Object;Z)V+185 java.base@11.0.16
j  java.io.ObjectOutputStream.writeObject(Ljava/lang/Object;)V+16 java.base@11.0.16
j  org.gradle.internal.serialize.Message.send(Ljava/lang/Object;Ljava/io/OutputStream;)V+11
j  org.gradle.internal.serialize.BaseSerializerFactory$ThrowableSerializer.write(Lorg/gradle/internal/serialize/Encoder;Ljava/lang/Throwable;)V+7
j  org.gradle.internal.serialize.BaseSerializerFactory$ThrowableSerializer.write(Lorg/gradle/internal/serialize/Encoder;Ljava/lang/Object;)V+6
j  org.gradle.internal.logging.serializer.LogEventSerializer.write(Lorg/gradle/internal/serialize/Encoder;Lorg/gradle/internal/logging/events/LogEvent;)V+53
j  org.gradle.internal.logging.serializer.LogEventSerializer.write(Lorg/gradle/internal/serialize/Encoder;Ljava/lang/Object;)V+6
J 9518 c1 org.gradle.internal.serialize.DefaultSerializerRegistry$TaggedTypeSerializer.write(Lorg/gradle/internal/serialize/Encoder;Ljava/lang/Object;)V (37 bytes) @ 0x00000268817cb6b4 [0x00000268817cb360+0x0000000000000354]
J 6920 c1 org.gradle.launcher.daemon.protocol.DaemonMessageSerializer$OutputMessageSerializer.write(Lorg/gradle/internal/serialize/Encoder;Ljava/lang/Object;)V (10 bytes) @ 0x0000026881353bd4 [0x0000026881353b40+0x0000000000000094]
J 9518 c1 org.gradle.internal.serialize.DefaultSerializerRegistry$TaggedTypeSerializer.write(Lorg/gradle/internal/serialize/Encoder;Ljava/lang/Object;)V (37 bytes) @ 0x00000268817cb6b4 [0x00000268817cb360+0x0000000000000354]
J 8487 c1 org.gradle.internal.remote.internal.inet.SocketConnection.dispatch(Ljava/lang/Object;)V (134 bytes) @ 0x00000268815e673c [0x00000268815e6680+0x00000000000000bc]
J 8220 c1 org.gradle.launcher.daemon.server.SynchronizedDispatchConnection.dispatchAndFlush(Ljava/lang/Object;)V (118 bytes) @ 0x000002688157dbf4 [0x000002688157d860+0x0000000000000394]
J 6919 c1 org.gradle.launcher.daemon.server.exec.LogToClient$AsynchronousLogDispatcher.dispatchAsync(Lorg/gradle/internal/logging/events/OutputEvent;)V (33 bytes) @ 0x000002688135366c [0x0000026881353540+0x000000000000012c]
j  org.gradle.launcher.daemon.server.exec.LogToClient$AsynchronousLogDispatcher.run()V+35
v  ~StubRoutines::call_stub

---------------  P R O C E S S  ---------------

Threads class SMR info:
_java_thread_list=0x000002689721ab70, length=137, elements={
0x00000268f5dda000, 0x00000268ff4ee800, 0x00000268ff519800, 0x00000268ff531800,
0x00000268ff533000, 0x0000026891043800, 0x000002689104e800, 0x0000026891053000,
0x00000268ff537800, 0x00000268911bb800, 0x00000268911b7800, 0x00000268911b9000,
0x00000268911ba000, 0x00000268911ba800, 0x00000268911b5800, 0x00000268911bc000,
0x00000268911b8000, 0x00000268911b6800, 0x0000026892e0b800, 0x0000026892e0a000,
0x0000026892e09000, 0x0000026892e0c800, 0x0000026892e0a800, 0x0000026892e08800,
0x0000026892e0f000, 0x0000026892e15800, 0x0000026892e11800, 0x0000026892e0f800,
0x0000026892e14800, 0x0000026892e10800, 0x0000026892e16000, 0x0000026892e13800,
0x0000026895a50800, 0x0000026895a52000, 0x0000026895a51800, 0x0000026895a53000,
0x0000026895a4d800, 0x0000026895a50000, 0x0000026895a54000, 0x0000026895a4e000,
0x0000026895a54800, 0x0000026895a4f000, 0x0000026895a59800, 0x0000026895a5a800,
0x0000026895a5b000, 0x0000026895a55800, 0x0000026895a57000, 0x0000026895a5c000,
0x0000026895a58000, 0x0000026895a56800, 0x0000026895a58800, 0x0000026895ec8800,
0x0000026895ec7800, 0x0000026895ecb000, 0x0000026895eca000, 0x0000026895ecb800,
0x0000026895ec6000, 0x0000026895ec9800, 0x0000026895ecc800, 0x0000026895ec7000,
0x0000026895ed0000, 0x0000026895ecf000, 0x0000026895ecd800, 0x0000026895ed0800,
0x0000026895ece000, 0x0000026895ed1800, 0x0000026895ed2000, 0x0000026895ed3000,
0x0000026895ed4000, 0x0000026895ed4800, 0x0000026895cb3800, 0x0000026895cae800,
0x0000026895cb0800, 0x0000026895cb3000, 0x0000026895caf800, 0x0000026895cae000,
0x0000026895cb4800, 0x0000026895cb6000, 0x0000026895cb7000, 0x0000026895cb2000,
0x0000026895cb5000, 0x0000026895cb1000, 0x0000026895cb7800, 0x0000026895cb8800,
0x0000026895cb9800, 0x0000026895cba000, 0x0000026895cbb000, 0x0000026895cbc000,
0x0000026895cbc800, 0x0000026893a1b800, 0x0000026893a1a800, 0x0000026893a1f800,
0x0000026893a1d000, 0x0000026893a19800, 0x0000026893a20000, 0x0000026893a22000,
0x0000026893a21000, 0x0000026893a1c000, 0x0000026893a1d800, 0x0000026893a22800,
0x0000026893a23800, 0x0000026893a24000, 0x0000026893a1e800, 0x0000026893a28800,
0x0000026893a25000, 0x0000026893a27800, 0x0000026893a26000, 0x0000026893a26800,
0x0000026893c37000, 0x0000026893c36000, 0x0000026893c37800, 0x0000026893c35000,
0x0000026893c38800, 0x0000026893c39000, 0x0000026893c3a000, 0x0000026893c3b000,
0x0000026893c3b800, 0x00000268972d1000, 0x00000268972cb800, 0x00000268972cd800,
0x00000268972cf800, 0x00000268972cc000, 0x00000268972ce800, 0x00000268972d0000,
0x00000268972d2000, 0x00000268972cd000, 0x00000268977aa000, 0x00000268977b0000,
0x00000268977b1000, 0x00000268977af000, 0x00000268977ac000, 0x00000268977ab000,
0x00000268977b2800, 0x00000268977ac800, 0x00000268977b3000, 0x00000268977ad800,
0x00000268977b4000
}

Java Threads: ( => current thread )
  0x00000268f5dda000 JavaThread "main" [_thread_blocked, id=15468, stack(0x000000c06ac00000,0x000000c06ad00000)]
  0x00000268ff4ee800 JavaThread "Reference Handler" daemon [_thread_blocked, id=18168, stack(0x000000c06b300000,0x000000c06b400000)]
  0x00000268ff519800 JavaThread "Finalizer" daemon [_thread_blocked, id=2272, stack(0x000000c06b400000,0x000000c06b500000)]
  0x00000268ff531800 JavaThread "Signal Dispatcher" daemon [_thread_blocked, id=19080, stack(0x000000c06b500000,0x000000c06b600000)]
  0x00000268ff533000 JavaThread "Attach Listener" daemon [_thread_blocked, id=12932, stack(0x000000c06b600000,0x000000c06b700000)]
  0x0000026891043800 JavaThread "Service Thread" daemon [_thread_blocked, id=19096, stack(0x000000c06b700000,0x000000c06b800000)]
  0x000002689104e800 JavaThread "C2 CompilerThread0" daemon [_thread_in_native, id=15736, stack(0x000000c06b800000,0x000000c06b900000)]
  0x0000026891053000 JavaThread "C1 CompilerThread0" daemon [_thread_blocked, id=18888, stack(0x000000c06b900000,0x000000c06ba00000)]
  0x00000268ff537800 JavaThread "Sweeper thread" daemon [_thread_blocked, id=19596, stack(0x000000c06ba00000,0x000000c06bb00000)]
  0x00000268911bb800 JavaThread "Common-Cleaner" daemon [_thread_blocked, id=20076, stack(0x000000c06bb00000,0x000000c06bc00000)]
  0x00000268911b7800 JavaThread "Daemon health stats" [_thread_blocked, id=19872, stack(0x000000c06c200000,0x000000c06c300000)]
  0x00000268911b9000 JavaThread "Incoming local TCP Connector on port 52224" [_thread_in_native, id=20216, stack(0x000000c06c300000,0x000000c06c400000)]
  0x00000268911ba000 JavaThread "Daemon periodic checks" [_thread_blocked, id=19692, stack(0x000000c06c400000,0x000000c06c500000)]
  0x00000268911ba800 JavaThread "Daemon" [_thread_blocked, id=12968, stack(0x000000c06c500000,0x000000c06c600000)]
  0x00000268911b5800 JavaThread "Handler for socket connection from /127.0.0.1:52224 to /127.0.0.1:52225" [_thread_in_native, id=20048, stack(0x000000c06c600000,0x000000c06c700000)]
  0x00000268911bc000 JavaThread "Cancel handler" [_thread_blocked, id=11328, stack(0x000000c06c700000,0x000000c06c800000)]
  0x00000268911b8000 JavaThread "Daemon worker" [_thread_blocked, id=5964, stack(0x000000c06c800000,0x000000c06c900000)]
=>0x00000268911b6800 JavaThread "Asynchronous log dispatcher for DefaultDaemonConnection: socket connection from /127.0.0.1:52224 to /127.0.0.1:52225" [_thread_in_vm, id=8200, stack(0x000000c06c900000,0x000000c06ca00000)]
  0x0000026892e0b800 JavaThread "Stdin handler" [_thread_blocked, id=3680, stack(0x000000c06ca00000,0x000000c06cb00000)]
  0x0000026892e0a000 JavaThread "Daemon client event forwarder" [_thread_blocked, id=19444, stack(0x000000c06cb00000,0x000000c06cc00000)]
  0x0000026892e09000 JavaThread "Cache worker for journal cache (C:\Users\selena\.gradle\caches\journal-1)" [_thread_blocked, id=15948, stack(0x000000c06ce00000,0x000000c06cf00000)]
  0x0000026892e0c800 JavaThread "File lock request listener" [_thread_in_native, id=1860, stack(0x000000c06cf00000,0x000000c06d000000)]
  0x0000026892e0a800 JavaThread "Cache worker for file hash cache (C:\Users\selena\.gradle\caches\7.4.1\fileHashes)" [_thread_blocked, id=7740, stack(0x000000c06d000000,0x000000c06d100000)]
  0x0000026892e08800 JavaThread "Cache worker for checksums cache (D:\doctorat\Projets\PRIAM-Microservices\PRIAM-Data-service\.gradle\7.4.1\checksums)" [_thread_blocked, id=10780, stack(0x000000c06d400000,0x000000c06d500000)]
  0x0000026892e0f000 JavaThread "Cache worker for cache directory md-rule (C:\Users\selena\.gradle\caches\7.4.1\md-rule)" [_thread_blocked, id=6128, stack(0x000000c06d500000,0x000000c06d600000)]
  0x0000026892e15800 JavaThread "Cache worker for file hash cache (D:\doctorat\Projets\PRIAM-Microservices\PRIAM-Data-service\.gradle\7.4.1\fileHashes)" [_thread_blocked, id=19584, stack(0x000000c06d600000,0x000000c06d700000)]
  0x0000026892e11800 JavaThread "Cache worker for cache directory md-supplier (C:\Users\selena\.gradle\caches\7.4.1\md-supplier)" [_thread_blocked, id=6916, stack(0x000000c06d700000,0x000000c06d800000)]
  0x0000026892e0f800 JavaThread "Cache worker for execution history cache (C:\Users\selena\.gradle\caches\7.4.1\executionHistory)" [_thread_blocked, id=11424, stack(0x000000c06d800000,0x000000c06d900000)]
  0x0000026892e14800 JavaThread "jar transforms" [_thread_blocked, id=19932, stack(0x000000c06d900000,0x000000c06da00000)]
  0x0000026892e10800 JavaThread "jar transforms Thread 2" [_thread_blocked, id=11132, stack(0x000000c06da00000,0x000000c06db00000)]
  0x0000026892e16000 JavaThread "Cache worker for file content cache (C:\Users\selena\.gradle\caches\7.4.1\fileContent)" [_thread_blocked, id=18900, stack(0x000000c06db00000,0x000000c06dc00000)]
  0x0000026892e13800 JavaThread "File lock release action executor" [_thread_blocked, id=17072, stack(0x000000c06dc00000,0x000000c06dd00000)]
  0x0000026895a50800 JavaThread "jar transforms Thread 3" [_thread_blocked, id=12352, stack(0x000000c06dd00000,0x000000c06de00000)]
  0x0000026895a52000 JavaThread "jar transforms Thread 4" [_thread_blocked, id=10244, stack(0x000000c06de00000,0x000000c06df00000)]
  0x0000026895a51800 JavaThread "jar transforms Thread 5" [_thread_blocked, id=76, stack(0x000000c06df00000,0x000000c06e000000)]
  0x0000026895a53000 JavaThread "jar transforms Thread 6" [_thread_blocked, id=19132, stack(0x000000c06e000000,0x000000c06e100000)]
  0x0000026895a4d800 JavaThread "jar transforms Thread 7" [_thread_blocked, id=17840, stack(0x000000c06e100000,0x000000c06e200000)]
  0x0000026895a50000 JavaThread "jar transforms Thread 8" [_thread_blocked, id=2292, stack(0x000000c06e200000,0x000000c06e300000)]
  0x0000026895a54000 JavaThread "Cache worker for dependencies-accessors (D:\doctorat\Projets\PRIAM-Microservices\PRIAM-Data-service\.gradle\7.4.1\dependencies-accessors)" [_thread_blocked, id=19052, stack(0x000000c06e300000,0x000000c06e400000)]
  0x0000026895a4e000 JavaThread "Cache worker for Build Output Cleanup Cache (D:\doctorat\Projets\PRIAM-Microservices\PRIAM-Data-service\.gradle\buildOutputCleanup)" [_thread_blocked, id=9608, stack(0x000000c06e400000,0x000000c06e500000)]
  0x0000026895a54800 JavaThread "Unconstrained build operations" [_thread_blocked, id=19612, stack(0x000000c06e500000,0x000000c06e600000)]
  0x0000026895a4f000 JavaThread "Unconstrained build operations Thread 2" [_thread_blocked, id=11192, stack(0x000000c06e600000,0x000000c06e700000)]
  0x0000026895a59800 JavaThread "Unconstrained build operations Thread 3" [_thread_blocked, id=9420, stack(0x000000c06e700000,0x000000c06e800000)]
  0x0000026895a5a800 JavaThread "Unconstrained build operations Thread 4" [_thread_blocked, id=20304, stack(0x000000c06e800000,0x000000c06e900000)]
  0x0000026895a5b000 JavaThread "Unconstrained build operations Thread 5" [_thread_blocked, id=19676, stack(0x000000c06e900000,0x000000c06ea00000)]
  0x0000026895a55800 JavaThread "Unconstrained build operations Thread 6" [_thread_blocked, id=11052, stack(0x000000c06ea00000,0x000000c06eb00000)]
  0x0000026895a57000 JavaThread "Unconstrained build operations Thread 7" [_thread_blocked, id=6964, stack(0x000000c06eb00000,0x000000c06ec00000)]
  0x0000026895a5c000 JavaThread "Unconstrained build operations Thread 8" [_thread_blocked, id=17468, stack(0x000000c06ec00000,0x000000c06ed00000)]
  0x0000026895a58000 JavaThread "Unconstrained build operations Thread 9" [_thread_blocked, id=11536, stack(0x000000c06ed00000,0x000000c06ee00000)]
  0x0000026895a56800 JavaThread "Unconstrained build operations Thread 10" [_thread_blocked, id=19844, stack(0x000000c06ee00000,0x000000c06ef00000)]
  0x0000026895a58800 JavaThread "Unconstrained build operations Thread 11" [_thread_blocked, id=19840, stack(0x000000c06ef00000,0x000000c06f000000)]
  0x0000026895ec8800 JavaThread "Unconstrained build operations Thread 12" [_thread_blocked, id=18264, stack(0x000000c06f000000,0x000000c06f100000)]
  0x0000026895ec7800 JavaThread "Unconstrained build operations Thread 13" [_thread_blocked, id=18368, stack(0x000000c06f100000,0x000000c06f200000)]
  0x0000026895ecb000 JavaThread "Unconstrained build operations Thread 14" [_thread_blocked, id=18372, stack(0x000000c06f200000,0x000000c06f300000)]
  0x0000026895eca000 JavaThread "Unconstrained build operations Thread 15" [_thread_blocked, id=18376, stack(0x000000c06f300000,0x000000c06f400000)]
  0x0000026895ecb800 JavaThread "Unconstrained build operations Thread 16" [_thread_blocked, id=17824, stack(0x000000c06f400000,0x000000c06f500000)]
  0x0000026895ec6000 JavaThread "Unconstrained build operations Thread 17" [_thread_blocked, id=16940, stack(0x000000c06f500000,0x000000c06f600000)]
  0x0000026895ec9800 JavaThread "Unconstrained build operations Thread 18" [_thread_blocked, id=17540, stack(0x000000c06f600000,0x000000c06f700000)]
  0x0000026895ecc800 JavaThread "Unconstrained build operations Thread 19" [_thread_blocked, id=19452, stack(0x000000c06f700000,0x000000c06f800000)]
  0x0000026895ec7000 JavaThread "Unconstrained build operations Thread 20" [_thread_blocked, id=3588, stack(0x000000c06f800000,0x000000c06f900000)]
  0x0000026895ed0000 JavaThread "Unconstrained build operations Thread 21" [_thread_blocked, id=5928, stack(0x000000c06f900000,0x000000c06fa00000)]
  0x0000026895ecf000 JavaThread "Unconstrained build operations Thread 22" [_thread_blocked, id=15696, stack(0x000000c06fa00000,0x000000c06fb00000)]
  0x0000026895ecd800 JavaThread "Unconstrained build operations Thread 23" [_thread_blocked, id=6028, stack(0x000000c06fb00000,0x000000c06fc00000)]
  0x0000026895ed0800 JavaThread "Unconstrained build operations Thread 24" [_thread_blocked, id=14064, stack(0x000000c06fc00000,0x000000c06fd00000)]
  0x0000026895ece000 JavaThread "Unconstrained build operations Thread 25" [_thread_blocked, id=16196, stack(0x000000c06fd00000,0x000000c06fe00000)]
  0x0000026895ed1800 JavaThread "Unconstrained build operations Thread 26" [_thread_blocked, id=2024, stack(0x000000c06fe00000,0x000000c06ff00000)]
  0x0000026895ed2000 JavaThread "Unconstrained build operations Thread 27" [_thread_blocked, id=7404, stack(0x000000c06ff00000,0x000000c070000000)]
  0x0000026895ed3000 JavaThread "Unconstrained build operations Thread 28" [_thread_blocked, id=10020, stack(0x000000c070000000,0x000000c070100000)]
  0x0000026895ed4000 JavaThread "Unconstrained build operations Thread 29" [_thread_blocked, id=1140, stack(0x000000c070100000,0x000000c070200000)]
  0x0000026895ed4800 JavaThread "Unconstrained build operations Thread 30" [_thread_blocked, id=19288, stack(0x000000c070200000,0x000000c070300000)]
  0x0000026895cb3800 JavaThread "Unconstrained build operations Thread 31" [_thread_blocked, id=1068, stack(0x000000c070300000,0x000000c070400000)]
  0x0000026895cae800 JavaThread "Unconstrained build operations Thread 32" [_thread_blocked, id=7852, stack(0x000000c070400000,0x000000c070500000)]
  0x0000026895cb0800 JavaThread "Unconstrained build operations Thread 33" [_thread_blocked, id=11308, stack(0x000000c070500000,0x000000c070600000)]
  0x0000026895cb3000 JavaThread "Unconstrained build operations Thread 34" [_thread_blocked, id=5524, stack(0x000000c070600000,0x000000c070700000)]
  0x0000026895caf800 JavaThread "Unconstrained build operations Thread 35" [_thread_blocked, id=2180, stack(0x000000c070700000,0x000000c070800000)]
  0x0000026895cae000 JavaThread "Memory manager" [_thread_blocked, id=10132, stack(0x000000c070800000,0x000000c070900000)]
  0x0000026895cb4800 JavaThread "build event listener" [_thread_blocked, id=16592, stack(0x000000c070900000,0x000000c070a00000)]
  0x0000026895cb6000 JavaThread "included builds" [_thread_blocked, id=7004, stack(0x000000c070a00000,0x000000c070b00000)]
  0x0000026895cb7000 JavaThread "Execution worker for ':'" [_thread_blocked, id=10000, stack(0x000000c070b00000,0x000000c070c00000)]
  0x0000026895cb2000 JavaThread "Execution worker for ':' Thread 2" [_thread_blocked, id=18500, stack(0x000000c070c00000,0x000000c070d00000)]
  0x0000026895cb5000 JavaThread "Execution worker for ':' Thread 3" [_thread_blocked, id=1064, stack(0x000000c070d00000,0x000000c070e00000)]
  0x0000026895cb1000 JavaThread "Execution worker for ':' Thread 4" [_thread_blocked, id=18424, stack(0x000000c070e00000,0x000000c070f00000)]
  0x0000026895cb7800 JavaThread "Execution worker for ':' Thread 5" [_thread_blocked, id=18612, stack(0x000000c070f00000,0x000000c071000000)]
  0x0000026895cb8800 JavaThread "Execution worker for ':' Thread 6" [_thread_blocked, id=15916, stack(0x000000c071000000,0x000000c071100000)]
  0x0000026895cb9800 JavaThread "Execution worker for ':' Thread 7" [_thread_blocked, id=17108, stack(0x000000c071100000,0x000000c071200000)]
  0x0000026895cba000 JavaThread "Cache worker for execution history cache (D:\doctorat\Projets\PRIAM-Microservices\PRIAM-Data-service\.gradle\7.4.1\executionHistory)" [_thread_blocked, id=19376, stack(0x000000c071200000,0x000000c071300000)]
  0x0000026895cbb000 JavaThread "Unconstrained build operations Thread 36" [_thread_blocked, id=18024, stack(0x000000c071300000,0x000000c071400000)]
  0x0000026895cbc000 JavaThread "Unconstrained build operations Thread 37" [_thread_blocked, id=3728, stack(0x000000c071400000,0x000000c071500000)]
  0x0000026895cbc800 JavaThread "Unconstrained build operations Thread 38" [_thread_blocked, id=1184, stack(0x000000c071500000,0x000000c071600000)]
  0x0000026893a1b800 JavaThread "Unconstrained build operations Thread 39" [_thread_blocked, id=20420, stack(0x000000c071600000,0x000000c071700000)]
  0x0000026893a1a800 JavaThread "Unconstrained build operations Thread 40" [_thread_blocked, id=18504, stack(0x000000c071700000,0x000000c071800000)]
  0x0000026893a1f800 JavaThread "Unconstrained build operations Thread 41" [_thread_blocked, id=1920, stack(0x000000c071800000,0x000000c071900000)]
  0x0000026893a1d000 JavaThread "Unconstrained build operations Thread 42" [_thread_blocked, id=9588, stack(0x000000c071900000,0x000000c071a00000)]
  0x0000026893a19800 JavaThread "Unconstrained build operations Thread 43" [_thread_blocked, id=3280, stack(0x000000c071a00000,0x000000c071b00000)]
  0x0000026893a20000 JavaThread "Unconstrained build operations Thread 44" [_thread_blocked, id=15516, stack(0x000000c071b00000,0x000000c071c00000)]
  0x0000026893a22000 JavaThread "Unconstrained build operations Thread 45" [_thread_blocked, id=17068, stack(0x000000c071c00000,0x000000c071d00000)]
  0x0000026893a21000 JavaThread "Unconstrained build operations Thread 46" [_thread_blocked, id=3896, stack(0x000000c071d00000,0x000000c071e00000)]
  0x0000026893a1c000 JavaThread "Unconstrained build operations Thread 47" [_thread_blocked, id=10588, stack(0x000000c071e00000,0x000000c071f00000)]
  0x0000026893a1d800 JavaThread "Unconstrained build operations Thread 48" [_thread_blocked, id=15240, stack(0x000000c071f00000,0x000000c072000000)]
  0x0000026893a22800 JavaThread "Unconstrained build operations Thread 49" [_thread_blocked, id=17176, stack(0x000000c072000000,0x000000c072100000)]
  0x0000026893a23800 JavaThread "Unconstrained build operations Thread 50" [_thread_blocked, id=15388, stack(0x000000c072100000,0x000000c072200000)]
  0x0000026893a24000 JavaThread "Unconstrained build operations Thread 51" [_thread_blocked, id=3500, stack(0x000000c072200000,0x000000c072300000)]
  0x0000026893a1e800 JavaThread "Unconstrained build operations Thread 52" [_thread_blocked, id=16032, stack(0x000000c072300000,0x000000c072400000)]
  0x0000026893a28800 JavaThread "Unconstrained build operations Thread 53" [_thread_blocked, id=18636, stack(0x000000c072400000,0x000000c072500000)]
  0x0000026893a25000 JavaThread "Unconstrained build operations Thread 54" [_thread_blocked, id=9868, stack(0x000000c072500000,0x000000c072600000)]
  0x0000026893a27800 JavaThread "Unconstrained build operations Thread 55" [_thread_blocked, id=2484, stack(0x000000c072600000,0x000000c072700000)]
  0x0000026893a26000 JavaThread "Unconstrained build operations Thread 56" [_thread_blocked, id=8116, stack(0x000000c072700000,0x000000c072800000)]
  0x0000026893a26800 JavaThread "Unconstrained build operations Thread 57" [_thread_blocked, id=20248, stack(0x000000c072800000,0x000000c072900000)]
  0x0000026893c37000 JavaThread "Unconstrained build operations Thread 58" [_thread_blocked, id=18508, stack(0x000000c072900000,0x000000c072a00000)]
  0x0000026893c36000 JavaThread "Unconstrained build operations Thread 59" [_thread_blocked, id=10364, stack(0x000000c072a00000,0x000000c072b00000)]
  0x0000026893c37800 JavaThread "Unconstrained build operations Thread 60" [_thread_blocked, id=20164, stack(0x000000c072b00000,0x000000c072c00000)]
  0x0000026893c35000 JavaThread "Unconstrained build operations Thread 61" [_thread_blocked, id=16764, stack(0x000000c072c00000,0x000000c072d00000)]
  0x0000026893c38800 JavaThread "Unconstrained build operations Thread 62" [_thread_blocked, id=5248, stack(0x000000c072d00000,0x000000c072e00000)]
  0x0000026893c39000 JavaThread "Unconstrained build operations Thread 63" [_thread_blocked, id=19960, stack(0x000000c072e00000,0x000000c072f00000)]
  0x0000026893c3a000 JavaThread "Unconstrained build operations Thread 64" [_thread_blocked, id=16716, stack(0x000000c072f00000,0x000000c073000000)]
  0x0000026893c3b000 JavaThread "Unconstrained build operations Thread 65" [_thread_blocked, id=17488, stack(0x000000c073000000,0x000000c073100000)]
  0x0000026893c3b800 JavaThread "Unconstrained build operations Thread 66" [_thread_blocked, id=19600, stack(0x000000c073100000,0x000000c073200000)]
  0x00000268972d1000 JavaThread "Unconstrained build operations Thread 67" [_thread_blocked, id=8104, stack(0x000000c073200000,0x000000c073300000)]
  0x00000268972cb800 JavaThread "Unconstrained build operations Thread 68" [_thread_blocked, id=20192, stack(0x000000c073300000,0x000000c073400000)]
  0x00000268972cd800 JavaThread "Unconstrained build operations Thread 69" [_thread_blocked, id=11908, stack(0x000000c073400000,0x000000c073500000)]
  0x00000268972cf800 JavaThread "Unconstrained build operations Thread 70" [_thread_blocked, id=15060, stack(0x000000c073500000,0x000000c073600000)]
  0x00000268972cc000 JavaThread "Unconstrained build operations Thread 71" [_thread_blocked, id=6528, stack(0x000000c073600000,0x000000c073700000)]
  0x00000268972ce800 JavaThread "Unconstrained build operations Thread 72" [_thread_blocked, id=20232, stack(0x000000c073700000,0x000000c073800000)]
  0x00000268972d0000 JavaThread "Unconstrained build operations Thread 73" [_thread_blocked, id=18040, stack(0x000000c073800000,0x000000c073900000)]
  0x00000268972d2000 JavaThread "Unconstrained build operations Thread 74" [_thread_blocked, id=10340, stack(0x000000c073900000,0x000000c073a00000)]
  0x00000268972cd000 JavaThread "Unconstrained build operations Thread 75" [_thread_blocked, id=19240, stack(0x000000c073a00000,0x000000c073b00000)]
  0x00000268977aa000 JavaThread "Unconstrained build operations Thread 76" [_thread_blocked, id=5744, stack(0x000000c073b00000,0x000000c073c00000)]
  0x00000268977b0000 JavaThread "Unconstrained build operations Thread 77" [_thread_blocked, id=8908, stack(0x000000c073c00000,0x000000c073d00000)]
  0x00000268977b1000 JavaThread "Unconstrained build operations Thread 78" [_thread_blocked, id=15116, stack(0x000000c073d00000,0x000000c073e00000)]
  0x00000268977af000 JavaThread "Unconstrained build operations Thread 79" [_thread_blocked, id=1980, stack(0x000000c073e00000,0x000000c073f00000)]
  0x00000268977ac000 JavaThread "Unconstrained build operations Thread 80" [_thread_blocked, id=8140, stack(0x000000c073f00000,0x000000c074000000)]
  0x00000268977ab000 JavaThread "File lock release action executor Thread 2" [_thread_blocked, id=19632, stack(0x000000c074000000,0x000000c074100000)]
  0x00000268977b2800 JavaThread "Exec process" [_thread_in_native, id=18356, stack(0x000000c074100000,0x000000c074200000)]
  0x00000268977ac800 JavaThread "DisconnectableInputStream source reader" daemon [_thread_blocked, id=9732, stack(0x000000c074200000,0x000000c074300000)]
  0x00000268977b3000 JavaThread "Exec process Thread 2" [_thread_blocked, id=14756, stack(0x000000c074300000,0x000000c074400000)]
  0x00000268977ad800 JavaThread "Exec process Thread 3" [_thread_blocked, id=16476, stack(0x000000c074400000,0x000000c074500000)]
  0x00000268977b4000 JavaThread "Exec process Thread 4" [_thread_blocked, id=19196, stack(0x000000c074500000,0x000000c074600000)]

Other Threads:
  0x00000268ff4ed800 VMThread "VM Thread" [stack: 0x000000c06b200000,0x000000c06b300000] [id=18968]
  0x00000268911f4000 WatcherThread [stack: 0x000000c06bc00000,0x000000c06bd00000] [id=9180]
  0x00000268f5df2000 GCTaskThread "GC Thread#0" [stack: 0x000000c06ad00000,0x000000c06ae00000] [id=17200]
  0x0000026891d46000 GCTaskThread "GC Thread#1" [stack: 0x000000c06bd00000,0x000000c06be00000] [id=16848]
  0x0000026891c4e800 GCTaskThread "GC Thread#2" [stack: 0x000000c06be00000,0x000000c06bf00000] [id=16360]
  0x0000026891c4f000 GCTaskThread "GC Thread#3" [stack: 0x000000c06bf00000,0x000000c06c000000] [id=5748]
  0x0000026891f4e800 GCTaskThread "GC Thread#4" [stack: 0x000000c06c000000,0x000000c06c100000] [id=15656]
  0x0000026891f4f000 GCTaskThread "GC Thread#5" [stack: 0x000000c06c100000,0x000000c06c200000] [id=19696]
  0x0000026892213000 GCTaskThread "GC Thread#6" [stack: 0x000000c06cc00000,0x000000c06cd00000] [id=12948]
  0x0000026892b44000 GCTaskThread "GC Thread#7" [stack: 0x000000c06cd00000,0x000000c06ce00000] [id=18624]
  0x00000268f5e04000 ConcurrentGCThread "G1 Main Marker" [stack: 0x000000c06ae00000,0x000000c06af00000] [id=1788]
  0x00000268f5e06000 ConcurrentGCThread "G1 Conc#0" [stack: 0x000000c06af00000,0x000000c06b000000] [id=19796]
  0x00000268910cc800 ConcurrentGCThread "G1 Conc#1" [stack: 0x000000c06d100000,0x000000c06d200000] [id=10748]
  0x00000268ff388800 ConcurrentGCThread "G1 Refine#0" [stack: 0x000000c06b000000,0x000000c06b100000] [id=16968]
  0x00000268ff389000 ConcurrentGCThread "G1 Young RemSet Sampling" [stack: 0x000000c06b100000,0x000000c06b200000] [id=1156]

Threads with active compile tasks:
C2 CompilerThread0    55401 9541       4       jdk.internal.reflect.ClassFileAssembler::emitConstantPoolUTF8 (50 bytes)

VM state:not at safepoint (normal execution)

VM Mutex/Monitor currently owned by a thread: None

Heap address: 0x00000000e0000000, size: 512 MB, Compressed Oops mode: 32-bit
Narrow klass base: 0x0000000000000000, Narrow klass shift: 3
Compressed class space size: 260046848 Address: 0x0000000100000000

Heap:
 garbage-first heap   total 262144K, used 141413K [0x00000000e0000000, 0x0000000100000000)
  region size 1024K, 90 young (92160K), 11 survivors (11264K)
 Metaspace       used 66288K, capacity 68533K, committed 68608K, reserved 313344K
  class space    used 8629K, capacity 9446K, committed 9472K, reserved 253952K
Heap Regions: E=young(eden), S=young(survivor), O=old, HS=humongous(starts), HC=humongous(continues), CS=collection set, F=free, A=archive, TAMS=top-at-mark-start (previous, next)
|   0|0x00000000e0000000, 0x00000000e0100000, 0x00000000e0100000|100%| O|  |TAMS 0x00000000e0100000, 0x00000000e0000000| Untracked 
|   1|0x00000000e0100000, 0x00000000e0200000, 0x00000000e0200000|100%| O|  |TAMS 0x00000000e0200000, 0x00000000e0100000| Untracked 
|   2|0x00000000e0200000, 0x00000000e0300000, 0x00000000e0300000|100%| O|  |TAMS 0x00000000e0300000, 0x00000000e0200000| Untracked 
|   3|0x00000000e0300000, 0x00000000e0400000, 0x00000000e0400000|100%|HS|  |TAMS 0x00000000e0400000, 0x00000000e0300000| Complete 
|   4|0x00000000e0400000, 0x00000000e0500000, 0x00000000e0500000|100%|HC|  |TAMS 0x00000000e0500000, 0x00000000e0400000| Complete 
|   5|0x00000000e0500000, 0x00000000e0600000, 0x00000000e0600000|100%|HC|  |TAMS 0x00000000e0600000, 0x00000000e0500000| Complete 
|   6|0x00000000e0600000, 0x00000000e0700000, 0x00000000e0700000|100%| O|  |TAMS 0x00000000e0700000, 0x00000000e0600000| Untracked 
|   7|0x00000000e0700000, 0x00000000e0800000, 0x00000000e0800000|100%| O|  |TAMS 0x00000000e0800000, 0x00000000e0700000| Untracked 
|   8|0x00000000e0800000, 0x00000000e0900000, 0x00000000e0900000|100%| O|  |TAMS 0x00000000e0900000, 0x00000000e0800000| Untracked 
|   9|0x00000000e0900000, 0x00000000e0a00000, 0x00000000e0a00000|100%| O|  |TAMS 0x00000000e0a00000, 0x00000000e0900000| Untracked 
|  10|0x00000000e0a00000, 0x00000000e0b00000, 0x00000000e0b00000|100%| O|  |TAMS 0x00000000e0b00000, 0x00000000e0a00000| Untracked 
|  11|0x00000000e0b00000, 0x00000000e0c00000, 0x00000000e0c00000|100%| O|  |TAMS 0x00000000e0c00000, 0x00000000e0b00000| Untracked 
|  12|0x00000000e0c00000, 0x00000000e0d00000, 0x00000000e0d00000|100%| O|  |TAMS 0x00000000e0d00000, 0x00000000e0c00000| Untracked 
|  13|0x00000000e0d00000, 0x00000000e0e00000, 0x00000000e0e00000|100%| O|  |TAMS 0x00000000e0e00000, 0x00000000e0d00000| Untracked 
|  14|0x00000000e0e00000, 0x00000000e0f00000, 0x00000000e0f00000|100%| O|  |TAMS 0x00000000e0f00000, 0x00000000e0e00000| Untracked 
|  15|0x00000000e0f00000, 0x00000000e1000000, 0x00000000e1000000|100%| O|  |TAMS 0x00000000e1000000, 0x00000000e0f00000| Untracked 
|  16|0x00000000e1000000, 0x00000000e1100000, 0x00000000e1100000|100%| O|  |TAMS 0x00000000e1100000, 0x00000000e1000000| Untracked 
|  17|0x00000000e1100000, 0x00000000e1200000, 0x00000000e1200000|100%| O|  |TAMS 0x00000000e1200000, 0x00000000e1100000| Untracked 
|  18|0x00000000e1200000, 0x00000000e1300000, 0x00000000e1300000|100%| O|  |TAMS 0x00000000e1300000, 0x00000000e1200000| Untracked 
|  19|0x00000000e1300000, 0x00000000e1400000, 0x00000000e1400000|100%| O|  |TAMS 0x00000000e1400000, 0x00000000e1300000| Untracked 
|  20|0x00000000e1400000, 0x00000000e1500000, 0x00000000e1500000|100%| O|  |TAMS 0x00000000e1500000, 0x00000000e1400000| Untracked 
|  21|0x00000000e1500000, 0x00000000e1600000, 0x00000000e1600000|100%| O|  |TAMS 0x00000000e1600000, 0x00000000e1500000| Untracked 
|  22|0x00000000e1600000, 0x00000000e1700000, 0x00000000e1700000|100%| O|  |TAMS 0x00000000e1700000, 0x00000000e1600000| Untracked 
|  23|0x00000000e1700000, 0x00000000e1800000, 0x00000000e1800000|100%| O|  |TAMS 0x00000000e1800000, 0x00000000e1700000| Untracked 
|  24|0x00000000e1800000, 0x00000000e1900000, 0x00000000e1900000|100%| O|  |TAMS 0x00000000e1900000, 0x00000000e1800000| Untracked 
|  25|0x00000000e1900000, 0x00000000e1a00000, 0x00000000e1a00000|100%| O|  |TAMS 0x00000000e1a00000, 0x00000000e1900000| Untracked 
|  26|0x00000000e1a00000, 0x00000000e1b00000, 0x00000000e1b00000|100%| O|  |TAMS 0x00000000e1b00000, 0x00000000e1a00000| Untracked 
|  27|0x00000000e1b00000, 0x00000000e1c00000, 0x00000000e1c00000|100%| O|  |TAMS 0x00000000e1c00000, 0x00000000e1b00000| Untracked 
|  28|0x00000000e1c00000, 0x00000000e1d00000, 0x00000000e1d00000|100%| O|  |TAMS 0x00000000e1d00000, 0x00000000e1c00000| Untracked 
|  29|0x00000000e1d00000, 0x00000000e1e00000, 0x00000000e1e00000|100%| O|  |TAMS 0x00000000e1dfa000, 0x00000000e1d00000| Untracked 
|  30|0x00000000e1e00000, 0x00000000e1f00000, 0x00000000e1f00000|100%| O|  |TAMS 0x00000000e1e00000, 0x00000000e1e00000| Untracked 
|  31|0x00000000e1f00000, 0x00000000e2000000, 0x00000000e2000000|100%| O|  |TAMS 0x00000000e1f00000, 0x00000000e1f00000| Untracked 
|  32|0x00000000e2000000, 0x00000000e2100000, 0x00000000e2100000|100%| O|  |TAMS 0x00000000e2000000, 0x00000000e2000000| Untracked 
|  33|0x00000000e2100000, 0x00000000e2200000, 0x00000000e2200000|100%| O|  |TAMS 0x00000000e2100000, 0x00000000e2100000| Untracked 
|  34|0x00000000e2200000, 0x00000000e2300000, 0x00000000e2300000|100%| O|  |TAMS 0x00000000e2200000, 0x00000000e2200000| Untracked 
|  35|0x00000000e2300000, 0x00000000e2400000, 0x00000000e2400000|100%| O|  |TAMS 0x00000000e2300000, 0x00000000e2300000| Untracked 
|  36|0x00000000e2400000, 0x00000000e2500000, 0x00000000e2500000|100%| O|  |TAMS 0x00000000e2400000, 0x00000000e2400000| Untracked 
|  37|0x00000000e2500000, 0x00000000e2600000, 0x00000000e2600000|100%| O|  |TAMS 0x00000000e2500000, 0x00000000e2500000| Untracked 
|  38|0x00000000e2600000, 0x00000000e2700000, 0x00000000e2700000|100%| O|  |TAMS 0x00000000e2600000, 0x00000000e2600000| Untracked 
|  39|0x00000000e2700000, 0x00000000e2800000, 0x00000000e2800000|100%| O|  |TAMS 0x00000000e2700000, 0x00000000e2700000| Untracked 
|  40|0x00000000e2800000, 0x00000000e2900000, 0x00000000e2900000|100%| O|  |TAMS 0x00000000e2800000, 0x00000000e2800000| Untracked 
|  41|0x00000000e2900000, 0x00000000e2a00000, 0x00000000e2a00000|100%| O|  |TAMS 0x00000000e2900000, 0x00000000e2900000| Untracked 
|  42|0x00000000e2a00000, 0x00000000e2b00000, 0x00000000e2b00000|100%| O|  |TAMS 0x00000000e2a00000, 0x00000000e2a00000| Untracked 
|  43|0x00000000e2b00000, 0x00000000e2c00000, 0x00000000e2c00000|100%| O|  |TAMS 0x00000000e2b00000, 0x00000000e2b00000| Untracked 
|  44|0x00000000e2c00000, 0x00000000e2d00000, 0x00000000e2d00000|100%| O|  |TAMS 0x00000000e2c00000, 0x00000000e2c00000| Untracked 
|  45|0x00000000e2d00000, 0x00000000e2e00000, 0x00000000e2e00000|100%| O|  |TAMS 0x00000000e2d00000, 0x00000000e2d00000| Untracked 
|  46|0x00000000e2e00000, 0x00000000e2f00000, 0x00000000e2f00000|100%| O|  |TAMS 0x00000000e2e00000, 0x00000000e2e00000| Untracked 
|  47|0x00000000e2f00000, 0x00000000e3000000, 0x00000000e3000000|100%| O|  |TAMS 0x00000000e2f00000, 0x00000000e2f00000| Untracked 
|  48|0x00000000e3000000, 0x00000000e3100000, 0x00000000e3100000|100%| O|  |TAMS 0x00000000e3000000, 0x00000000e3000000| Untracked 
|  49|0x00000000e3100000, 0x00000000e3121c00, 0x00000000e3200000| 13%| O|  |TAMS 0x00000000e3100000, 0x00000000e3100000| Untracked 
|  50|0x00000000e3200000, 0x00000000e3200000, 0x00000000e3300000|  0%| F|  |TAMS 0x00000000e3200000, 0x00000000e3200000| Untracked 
|  51|0x00000000e3300000, 0x00000000e3300000, 0x00000000e3400000|  0%| F|  |TAMS 0x00000000e3300000, 0x00000000e3300000| Untracked 
|  52|0x00000000e3400000, 0x00000000e3400000, 0x00000000e3500000|  0%| F|  |TAMS 0x00000000e3400000, 0x00000000e3400000| Untracked 
|  53|0x00000000e3500000, 0x00000000e3500000, 0x00000000e3600000|  0%| F|  |TAMS 0x00000000e3500000, 0x00000000e3500000| Untracked 
|  54|0x00000000e3600000, 0x00000000e3600000, 0x00000000e3700000|  0%| F|  |TAMS 0x00000000e3600000, 0x00000000e3600000| Untracked 
|  55|0x00000000e3700000, 0x00000000e3700000, 0x00000000e3800000|  0%| F|  |TAMS 0x00000000e3700000, 0x00000000e3700000| Untracked 
|  56|0x00000000e3800000, 0x00000000e3800000, 0x00000000e3900000|  0%| F|  |TAMS 0x00000000e3800000, 0x00000000e3800000| Untracked 
|  57|0x00000000e3900000, 0x00000000e3900000, 0x00000000e3a00000|  0%| F|  |TAMS 0x00000000e3900000, 0x00000000e3900000| Untracked 
|  58|0x00000000e3a00000, 0x00000000e3a00000, 0x00000000e3b00000|  0%| F|  |TAMS 0x00000000e3a00000, 0x00000000e3a00000| Untracked 
|  59|0x00000000e3b00000, 0x00000000e3b00000, 0x00000000e3c00000|  0%| F|  |TAMS 0x00000000e3b00000, 0x00000000e3b00000| Untracked 
|  60|0x00000000e3c00000, 0x00000000e3c00000, 0x00000000e3d00000|  0%| F|  |TAMS 0x00000000e3c00000, 0x00000000e3c00000| Untracked 
|  61|0x00000000e3d00000, 0x00000000e3d00000, 0x00000000e3e00000|  0%| F|  |TAMS 0x00000000e3d00000, 0x00000000e3d00000| Untracked 
|  62|0x00000000e3e00000, 0x00000000e3e00000, 0x00000000e3f00000|  0%| F|  |TAMS 0x00000000e3e00000, 0x00000000e3e00000| Untracked 
|  63|0x00000000e3f00000, 0x00000000e3f00000, 0x00000000e4000000|  0%| F|  |TAMS 0x00000000e3f00000, 0x00000000e3f00000| Untracked 
|  64|0x00000000e4000000, 0x00000000e4000000, 0x00000000e4100000|  0%| F|  |TAMS 0x00000000e4000000, 0x00000000e4000000| Untracked 
|  65|0x00000000e4100000, 0x00000000e4100000, 0x00000000e4200000|  0%| F|  |TAMS 0x00000000e4100000, 0x00000000e4100000| Untracked 
|  66|0x00000000e4200000, 0x00000000e4200000, 0x00000000e4300000|  0%| F|  |TAMS 0x00000000e4200000, 0x00000000e4200000| Untracked 
|  67|0x00000000e4300000, 0x00000000e4300000, 0x00000000e4400000|  0%| F|  |TAMS 0x00000000e4300000, 0x00000000e4300000| Untracked 
|  68|0x00000000e4400000, 0x00000000e4400000, 0x00000000e4500000|  0%| F|  |TAMS 0x00000000e4400000, 0x00000000e4400000| Untracked 
|  69|0x00000000e4500000, 0x00000000e4500000, 0x00000000e4600000|  0%| F|  |TAMS 0x00000000e4500000, 0x00000000e4500000| Untracked 
|  70|0x00000000e4600000, 0x00000000e4600000, 0x00000000e4700000|  0%| F|  |TAMS 0x00000000e4600000, 0x00000000e4600000| Untracked 
|  71|0x00000000e4700000, 0x00000000e4700000, 0x00000000e4800000|  0%| F|  |TAMS 0x00000000e4700000, 0x00000000e4700000| Untracked 
|  72|0x00000000e4800000, 0x00000000e4800000, 0x00000000e4900000|  0%| F|  |TAMS 0x00000000e4800000, 0x00000000e4800000| Untracked 
|  73|0x00000000e4900000, 0x00000000e4900000, 0x00000000e4a00000|  0%| F|  |TAMS 0x00000000e4900000, 0x00000000e4900000| Untracked 
|  74|0x00000000e4a00000, 0x00000000e4a00000, 0x00000000e4b00000|  0%| F|  |TAMS 0x00000000e4a00000, 0x00000000e4a00000| Untracked 
|  75|0x00000000e4b00000, 0x00000000e4b00000, 0x00000000e4c00000|  0%| F|  |TAMS 0x00000000e4b00000, 0x00000000e4b00000| Untracked 
|  76|0x00000000e4c00000, 0x00000000e4c00000, 0x00000000e4d00000|  0%| F|  |TAMS 0x00000000e4c00000, 0x00000000e4c00000| Untracked 
|  77|0x00000000e4d00000, 0x00000000e4d00000, 0x00000000e4e00000|  0%| F|  |TAMS 0x00000000e4d00000, 0x00000000e4d00000| Untracked 
|  78|0x00000000e4e00000, 0x00000000e4e00000, 0x00000000e4f00000|  0%| F|  |TAMS 0x00000000e4e00000, 0x00000000e4e00000| Untracked 
|  79|0x00000000e4f00000, 0x00000000e4f00000, 0x00000000e5000000|  0%| F|  |TAMS 0x00000000e4f00000, 0x00000000e4f00000| Untracked 
|  80|0x00000000e5000000, 0x00000000e5000000, 0x00000000e5100000|  0%| F|  |TAMS 0x00000000e5000000, 0x00000000e5000000| Untracked 
|  81|0x00000000e5100000, 0x00000000e5100000, 0x00000000e5200000|  0%| F|  |TAMS 0x00000000e5100000, 0x00000000e5100000| Untracked 
|  82|0x00000000e5200000, 0x00000000e5200000, 0x00000000e5300000|  0%| F|  |TAMS 0x00000000e5200000, 0x00000000e5200000| Untracked 
|  83|0x00000000e5300000, 0x00000000e5300000, 0x00000000e5400000|  0%| F|  |TAMS 0x00000000e5300000, 0x00000000e5300000| Untracked 
|  84|0x00000000e5400000, 0x00000000e5400000, 0x00000000e5500000|  0%| F|  |TAMS 0x00000000e5400000, 0x00000000e5400000| Untracked 
|  85|0x00000000e5500000, 0x00000000e5500000, 0x00000000e5600000|  0%| F|  |TAMS 0x00000000e5500000, 0x00000000e5500000| Untracked 
|  86|0x00000000e5600000, 0x00000000e5600000, 0x00000000e5700000|  0%| F|  |TAMS 0x00000000e5600000, 0x00000000e5600000| Untracked 
|  87|0x00000000e5700000, 0x00000000e5700000, 0x00000000e5800000|  0%| F|  |TAMS 0x00000000e5700000, 0x00000000e5700000| Untracked 
|  88|0x00000000e5800000, 0x00000000e5800000, 0x00000000e5900000|  0%| F|  |TAMS 0x00000000e5800000, 0x00000000e5800000| Untracked 
|  89|0x00000000e5900000, 0x00000000e5900000, 0x00000000e5a00000|  0%| F|  |TAMS 0x00000000e5900000, 0x00000000e5900000| Untracked 
|  90|0x00000000e5a00000, 0x00000000e5a00000, 0x00000000e5b00000|  0%| F|  |TAMS 0x00000000e5a00000, 0x00000000e5a00000| Untracked 
|  91|0x00000000e5b00000, 0x00000000e5b00000, 0x00000000e5c00000|  0%| F|  |TAMS 0x00000000e5b00000, 0x00000000e5b00000| Untracked 
|  92|0x00000000e5c00000, 0x00000000e5c00000, 0x00000000e5d00000|  0%| F|  |TAMS 0x00000000e5c00000, 0x00000000e5c00000| Untracked 
|  93|0x00000000e5d00000, 0x00000000e5d00000, 0x00000000e5e00000|  0%| F|  |TAMS 0x00000000e5d00000, 0x00000000e5d00000| Untracked 
|  94|0x00000000e5e00000, 0x00000000e5e00000, 0x00000000e5f00000|  0%| F|  |TAMS 0x00000000e5e00000, 0x00000000e5e00000| Untracked 
|  95|0x00000000e5f00000, 0x00000000e5f00000, 0x00000000e6000000|  0%| F|  |TAMS 0x00000000e5f00000, 0x00000000e5f00000| Untracked 
|  96|0x00000000e6000000, 0x00000000e6000000, 0x00000000e6100000|  0%| F|  |TAMS 0x00000000e6000000, 0x00000000e6000000| Untracked 
|  97|0x00000000e6100000, 0x00000000e6100000, 0x00000000e6200000|  0%| F|  |TAMS 0x00000000e6100000, 0x00000000e6100000| Untracked 
|  98|0x00000000e6200000, 0x00000000e6200000, 0x00000000e6300000|  0%| F|  |TAMS 0x00000000e6200000, 0x00000000e6200000| Untracked 
|  99|0x00000000e6300000, 0x00000000e6300000, 0x00000000e6400000|  0%| F|  |TAMS 0x00000000e6300000, 0x00000000e6300000| Untracked 
| 100|0x00000000e6400000, 0x00000000e6400000, 0x00000000e6500000|  0%| F|  |TAMS 0x00000000e6400000, 0x00000000e6400000| Untracked 
| 101|0x00000000e6500000, 0x00000000e6500000, 0x00000000e6600000|  0%| F|  |TAMS 0x00000000e6500000, 0x00000000e6500000| Untracked 
| 102|0x00000000e6600000, 0x00000000e6600000, 0x00000000e6700000|  0%| F|  |TAMS 0x00000000e6600000, 0x00000000e6600000| Untracked 
| 103|0x00000000e6700000, 0x00000000e6700000, 0x00000000e6800000|  0%| F|  |TAMS 0x00000000e6700000, 0x00000000e6700000| Untracked 
| 104|0x00000000e6800000, 0x00000000e6800000, 0x00000000e6900000|  0%| F|  |TAMS 0x00000000e6800000, 0x00000000e6800000| Untracked 
| 105|0x00000000e6900000, 0x00000000e6900000, 0x00000000e6a00000|  0%| F|  |TAMS 0x00000000e6900000, 0x00000000e6900000| Untracked 
| 106|0x00000000e6a00000, 0x00000000e6a00000, 0x00000000e6b00000|  0%| F|  |TAMS 0x00000000e6a00000, 0x00000000e6a00000| Untracked 
| 107|0x00000000e6b00000, 0x00000000e6b00000, 0x00000000e6c00000|  0%| F|  |TAMS 0x00000000e6b00000, 0x00000000e6b00000| Untracked 
| 108|0x00000000e6c00000, 0x00000000e6c00000, 0x00000000e6d00000|  0%| F|  |TAMS 0x00000000e6c00000, 0x00000000e6c00000| Untracked 
| 109|0x00000000e6d00000, 0x00000000e6d00000, 0x00000000e6e00000|  0%| F|  |TAMS 0x00000000e6d00000, 0x00000000e6d00000| Untracked 
| 110|0x00000000e6e00000, 0x00000000e6e00000, 0x00000000e6f00000|  0%| F|  |TAMS 0x00000000e6e00000, 0x00000000e6e00000| Untracked 
| 111|0x00000000e6f00000, 0x00000000e6f00000, 0x00000000e7000000|  0%| F|  |TAMS 0x00000000e6f00000, 0x00000000e6f00000| Untracked 
| 112|0x00000000e7000000, 0x00000000e7000000, 0x00000000e7100000|  0%| F|  |TAMS 0x00000000e7000000, 0x00000000e7000000| Untracked 
| 113|0x00000000e7100000, 0x00000000e71f7918, 0x00000000e7200000| 96%| S|CS|TAMS 0x00000000e7100000, 0x00000000e7100000| Complete 
| 114|0x00000000e7200000, 0x00000000e7300000, 0x00000000e7300000|100%| S|CS|TAMS 0x00000000e7200000, 0x00000000e7200000| Complete 
| 115|0x00000000e7300000, 0x00000000e7400000, 0x00000000e7400000|100%| S|CS|TAMS 0x00000000e7300000, 0x00000000e7300000| Complete 
| 116|0x00000000e7400000, 0x00000000e7500000, 0x00000000e7500000|100%| S|CS|TAMS 0x00000000e7400000, 0x00000000e7400000| Complete 
| 117|0x00000000e7500000, 0x00000000e7600000, 0x00000000e7600000|100%| S|CS|TAMS 0x00000000e7500000, 0x00000000e7500000| Complete 
| 118|0x00000000e7600000, 0x00000000e7700000, 0x00000000e7700000|100%| S|CS|TAMS 0x00000000e7600000, 0x00000000e7600000| Complete 
| 119|0x00000000e7700000, 0x00000000e7800000, 0x00000000e7800000|100%| S|CS|TAMS 0x00000000e7700000, 0x00000000e7700000| Complete 
| 120|0x00000000e7800000, 0x00000000e7900000, 0x00000000e7900000|100%| S|CS|TAMS 0x00000000e7800000, 0x00000000e7800000| Complete 
| 121|0x00000000e7900000, 0x00000000e7a00000, 0x00000000e7a00000|100%| S|CS|TAMS 0x00000000e7900000, 0x00000000e7900000| Complete 
| 122|0x00000000e7a00000, 0x00000000e7b00000, 0x00000000e7b00000|100%| S|CS|TAMS 0x00000000e7a00000, 0x00000000e7a00000| Complete 
| 123|0x00000000e7b00000, 0x00000000e7c00000, 0x00000000e7c00000|100%| S|CS|TAMS 0x00000000e7b00000, 0x00000000e7b00000| Complete 
| 124|0x00000000e7c00000, 0x00000000e7c00000, 0x00000000e7d00000|  0%| F|  |TAMS 0x00000000e7c00000, 0x00000000e7c00000| Untracked 
| 125|0x00000000e7d00000, 0x00000000e7d00000, 0x00000000e7e00000|  0%| F|  |TAMS 0x00000000e7d00000, 0x00000000e7d00000| Untracked 
| 126|0x00000000e7e00000, 0x00000000e7e00000, 0x00000000e7f00000|  0%| F|  |TAMS 0x00000000e7e00000, 0x00000000e7e00000| Untracked 
| 127|0x00000000e7f00000, 0x00000000e7f00000, 0x00000000e8000000|  0%| F|  |TAMS 0x00000000e7f00000, 0x00000000e7f00000| Untracked 
| 128|0x00000000e8000000, 0x00000000e8000000, 0x00000000e8100000|  0%| F|  |TAMS 0x00000000e8000000, 0x00000000e8000000| Untracked 
| 129|0x00000000e8100000, 0x00000000e8100000, 0x00000000e8200000|  0%| F|  |TAMS 0x00000000e8100000, 0x00000000e8100000| Untracked 
| 130|0x00000000e8200000, 0x00000000e8200000, 0x00000000e8300000|  0%| F|  |TAMS 0x00000000e8200000, 0x00000000e8200000| Untracked 
| 131|0x00000000e8300000, 0x00000000e8300000, 0x00000000e8400000|  0%| F|  |TAMS 0x00000000e8300000, 0x00000000e8300000| Untracked 
| 132|0x00000000e8400000, 0x00000000e8400000, 0x00000000e8500000|  0%| F|  |TAMS 0x00000000e8400000, 0x00000000e8400000| Untracked 
| 133|0x00000000e8500000, 0x00000000e8500000, 0x00000000e8600000|  0%| F|  |TAMS 0x00000000e8500000, 0x00000000e8500000| Untracked 
| 134|0x00000000e8600000, 0x00000000e8600000, 0x00000000e8700000|  0%| F|  |TAMS 0x00000000e8600000, 0x00000000e8600000| Untracked 
| 135|0x00000000e8700000, 0x00000000e8700000, 0x00000000e8800000|  0%| F|  |TAMS 0x00000000e8700000, 0x00000000e8700000| Untracked 
| 136|0x00000000e8800000, 0x00000000e8800000, 0x00000000e8900000|  0%| F|  |TAMS 0x00000000e8800000, 0x00000000e8800000| Untracked 
| 137|0x00000000e8900000, 0x00000000e8900000, 0x00000000e8a00000|  0%| F|  |TAMS 0x00000000e8900000, 0x00000000e8900000| Untracked 
| 138|0x00000000e8a00000, 0x00000000e8a00000, 0x00000000e8b00000|  0%| F|  |TAMS 0x00000000e8a00000, 0x00000000e8a00000| Untracked 
| 139|0x00000000e8b00000, 0x00000000e8b00000, 0x00000000e8c00000|  0%| F|  |TAMS 0x00000000e8b00000, 0x00000000e8b00000| Untracked 
| 140|0x00000000e8c00000, 0x00000000e8c00000, 0x00000000e8d00000|  0%| F|  |TAMS 0x00000000e8c00000, 0x00000000e8c00000| Untracked 
| 141|0x00000000e8d00000, 0x00000000e8d00000, 0x00000000e8e00000|  0%| F|  |TAMS 0x00000000e8d00000, 0x00000000e8d00000| Untracked 
| 142|0x00000000e8e00000, 0x00000000e8e00000, 0x00000000e8f00000|  0%| F|  |TAMS 0x00000000e8e00000, 0x00000000e8e00000| Untracked 
| 143|0x00000000e8f00000, 0x00000000e8f00000, 0x00000000e9000000|  0%| F|  |TAMS 0x00000000e8f00000, 0x00000000e8f00000| Untracked 
| 144|0x00000000e9000000, 0x00000000e9000000, 0x00000000e9100000|  0%| F|  |TAMS 0x00000000e9000000, 0x00000000e9000000| Untracked 
| 145|0x00000000e9100000, 0x00000000e9100000, 0x00000000e9200000|  0%| F|  |TAMS 0x00000000e9100000, 0x00000000e9100000| Untracked 
| 146|0x00000000e9200000, 0x00000000e9200000, 0x00000000e9300000|  0%| F|  |TAMS 0x00000000e9200000, 0x00000000e9200000| Untracked 
| 147|0x00000000e9300000, 0x00000000e9300000, 0x00000000e9400000|  0%| F|  |TAMS 0x00000000e9300000, 0x00000000e9300000| Untracked 
| 148|0x00000000e9400000, 0x00000000e9400000, 0x00000000e9500000|  0%| F|  |TAMS 0x00000000e9400000, 0x00000000e9400000| Untracked 
| 149|0x00000000e9500000, 0x00000000e9500000, 0x00000000e9600000|  0%| F|  |TAMS 0x00000000e9500000, 0x00000000e9500000| Untracked 
| 150|0x00000000e9600000, 0x00000000e9600000, 0x00000000e9700000|  0%| F|  |TAMS 0x00000000e9600000, 0x00000000e9600000| Untracked 
| 151|0x00000000e9700000, 0x00000000e9700000, 0x00000000e9800000|  0%| F|  |TAMS 0x00000000e9700000, 0x00000000e9700000| Untracked 
| 152|0x00000000e9800000, 0x00000000e9800000, 0x00000000e9900000|  0%| F|  |TAMS 0x00000000e9800000, 0x00000000e9800000| Untracked 
| 153|0x00000000e9900000, 0x00000000e9900000, 0x00000000e9a00000|  0%| F|  |TAMS 0x00000000e9900000, 0x00000000e9900000| Untracked 
| 154|0x00000000e9a00000, 0x00000000e9a00000, 0x00000000e9b00000|  0%| F|  |TAMS 0x00000000e9a00000, 0x00000000e9a00000| Untracked 
| 155|0x00000000e9b00000, 0x00000000e9b00000, 0x00000000e9c00000|  0%| F|  |TAMS 0x00000000e9b00000, 0x00000000e9b00000| Untracked 
| 156|0x00000000e9c00000, 0x00000000e9c00000, 0x00000000e9d00000|  0%| F|  |TAMS 0x00000000e9c00000, 0x00000000e9c00000| Untracked 
| 157|0x00000000e9d00000, 0x00000000e9d00000, 0x00000000e9e00000|  0%| F|  |TAMS 0x00000000e9d00000, 0x00000000e9d00000| Untracked 
| 158|0x00000000e9e00000, 0x00000000e9e00000, 0x00000000e9f00000|  0%| F|  |TAMS 0x00000000e9e00000, 0x00000000e9e00000| Untracked 
| 159|0x00000000e9f00000, 0x00000000e9f00000, 0x00000000ea000000|  0%| F|  |TAMS 0x00000000e9f00000, 0x00000000e9f00000| Untracked 
| 160|0x00000000ea000000, 0x00000000ea000000, 0x00000000ea100000|  0%| F|  |TAMS 0x00000000ea000000, 0x00000000ea000000| Untracked 
| 161|0x00000000ea100000, 0x00000000ea100000, 0x00000000ea200000|  0%| F|  |TAMS 0x00000000ea100000, 0x00000000ea100000| Untracked 
| 162|0x00000000ea200000, 0x00000000ea200000, 0x00000000ea300000|  0%| F|  |TAMS 0x00000000ea200000, 0x00000000ea200000| Untracked 
| 163|0x00000000ea300000, 0x00000000ea300000, 0x00000000ea400000|  0%| F|  |TAMS 0x00000000ea300000, 0x00000000ea300000| Untracked 
| 164|0x00000000ea400000, 0x00000000ea400000, 0x00000000ea500000|  0%| F|  |TAMS 0x00000000ea400000, 0x00000000ea400000| Untracked 
| 165|0x00000000ea500000, 0x00000000ea500000, 0x00000000ea600000|  0%| F|  |TAMS 0x00000000ea500000, 0x00000000ea500000| Untracked 
| 166|0x00000000ea600000, 0x00000000ea600000, 0x00000000ea700000|  0%| F|  |TAMS 0x00000000ea600000, 0x00000000ea600000| Untracked 
| 167|0x00000000ea700000, 0x00000000ea700000, 0x00000000ea800000|  0%| F|  |TAMS 0x00000000ea700000, 0x00000000ea700000| Untracked 
| 168|0x00000000ea800000, 0x00000000ea800000, 0x00000000ea900000|  0%| F|  |TAMS 0x00000000ea800000, 0x00000000ea800000| Untracked 
| 169|0x00000000ea900000, 0x00000000ea900000, 0x00000000eaa00000|  0%| F|  |TAMS 0x00000000ea900000, 0x00000000ea900000| Untracked 
| 170|0x00000000eaa00000, 0x00000000eaa00000, 0x00000000eab00000|  0%| F|  |TAMS 0x00000000eaa00000, 0x00000000eaa00000| Untracked 
| 171|0x00000000eab00000, 0x00000000eab00000, 0x00000000eac00000|  0%| F|  |TAMS 0x00000000eab00000, 0x00000000eab00000| Untracked 
| 172|0x00000000eac00000, 0x00000000eac00000, 0x00000000ead00000|  0%| F|  |TAMS 0x00000000eac00000, 0x00000000eac00000| Untracked 
| 173|0x00000000ead00000, 0x00000000ead00000, 0x00000000eae00000|  0%| F|  |TAMS 0x00000000ead00000, 0x00000000ead00000| Untracked 
| 174|0x00000000eae00000, 0x00000000eae00000, 0x00000000eaf00000|  0%| F|  |TAMS 0x00000000eae00000, 0x00000000eae00000| Untracked 
| 175|0x00000000eaf00000, 0x00000000eaf00000, 0x00000000eb000000|  0%| F|  |TAMS 0x00000000eaf00000, 0x00000000eaf00000| Untracked 
| 176|0x00000000eb000000, 0x00000000eb000000, 0x00000000eb100000|  0%| F|  |TAMS 0x00000000eb000000, 0x00000000eb000000| Untracked 
| 177|0x00000000eb100000, 0x00000000eb17a7d8, 0x00000000eb200000| 47%| E|  |TAMS 0x00000000eb100000, 0x00000000eb100000| Complete 
| 178|0x00000000eb200000, 0x00000000eb300000, 0x00000000eb300000|100%| E|CS|TAMS 0x00000000eb200000, 0x00000000eb200000| Complete 
| 179|0x00000000eb300000, 0x00000000eb400000, 0x00000000eb400000|100%| E|CS|TAMS 0x00000000eb300000, 0x00000000eb300000| Complete 
| 180|0x00000000eb400000, 0x00000000eb500000, 0x00000000eb500000|100%| E|CS|TAMS 0x00000000eb400000, 0x00000000eb400000| Complete 
| 181|0x00000000eb500000, 0x00000000eb600000, 0x00000000eb600000|100%| E|CS|TAMS 0x00000000eb500000, 0x00000000eb500000| Complete 
| 182|0x00000000eb600000, 0x00000000eb700000, 0x00000000eb700000|100%| E|CS|TAMS 0x00000000eb600000, 0x00000000eb600000| Complete 
| 183|0x00000000eb700000, 0x00000000eb800000, 0x00000000eb800000|100%| E|CS|TAMS 0x00000000eb700000, 0x00000000eb700000| Complete 
| 184|0x00000000eb800000, 0x00000000eb900000, 0x00000000eb900000|100%| E|CS|TAMS 0x00000000eb800000, 0x00000000eb800000| Complete 
| 185|0x00000000eb900000, 0x00000000eba00000, 0x00000000eba00000|100%| E|CS|TAMS 0x00000000eb900000, 0x00000000eb900000| Complete 
| 186|0x00000000eba00000, 0x00000000ebb00000, 0x00000000ebb00000|100%| E|CS|TAMS 0x00000000eba00000, 0x00000000eba00000| Complete 
| 187|0x00000000ebb00000, 0x00000000ebc00000, 0x00000000ebc00000|100%| E|CS|TAMS 0x00000000ebb00000, 0x00000000ebb00000| Complete 
| 188|0x00000000ebc00000, 0x00000000ebd00000, 0x00000000ebd00000|100%| E|CS|TAMS 0x00000000ebc00000, 0x00000000ebc00000| Complete 
| 189|0x00000000ebd00000, 0x00000000ebe00000, 0x00000000ebe00000|100%| E|CS|TAMS 0x00000000ebd00000, 0x00000000ebd00000| Complete 
| 190|0x00000000ebe00000, 0x00000000ebf00000, 0x00000000ebf00000|100%| E|CS|TAMS 0x00000000ebe00000, 0x00000000ebe00000| Complete 
| 191|0x00000000ebf00000, 0x00000000ec000000, 0x00000000ec000000|100%| E|CS|TAMS 0x00000000ebf00000, 0x00000000ebf00000| Complete 
| 192|0x00000000ec000000, 0x00000000ec100000, 0x00000000ec100000|100%| E|CS|TAMS 0x00000000ec000000, 0x00000000ec000000| Complete 
| 193|0x00000000ec100000, 0x00000000ec200000, 0x00000000ec200000|100%| E|CS|TAMS 0x00000000ec100000, 0x00000000ec100000| Complete 
| 194|0x00000000ec200000, 0x00000000ec300000, 0x00000000ec300000|100%| E|CS|TAMS 0x00000000ec200000, 0x00000000ec200000| Complete 
| 195|0x00000000ec300000, 0x00000000ec400000, 0x00000000ec400000|100%| E|CS|TAMS 0x00000000ec300000, 0x00000000ec300000| Complete 
| 196|0x00000000ec400000, 0x00000000ec500000, 0x00000000ec500000|100%| E|CS|TAMS 0x00000000ec400000, 0x00000000ec400000| Complete 
| 197|0x00000000ec500000, 0x00000000ec600000, 0x00000000ec600000|100%| E|CS|TAMS 0x00000000ec500000, 0x00000000ec500000| Complete 
| 198|0x00000000ec600000, 0x00000000ec700000, 0x00000000ec700000|100%| E|CS|TAMS 0x00000000ec600000, 0x00000000ec600000| Complete 
| 199|0x00000000ec700000, 0x00000000ec800000, 0x00000000ec800000|100%| E|CS|TAMS 0x00000000ec700000, 0x00000000ec700000| Complete 
| 200|0x00000000ec800000, 0x00000000ec900000, 0x00000000ec900000|100%| E|CS|TAMS 0x00000000ec800000, 0x00000000ec800000| Complete 
| 201|0x00000000ec900000, 0x00000000eca00000, 0x00000000eca00000|100%| E|CS|TAMS 0x00000000ec900000, 0x00000000ec900000| Complete 
| 202|0x00000000eca00000, 0x00000000ecb00000, 0x00000000ecb00000|100%| E|CS|TAMS 0x00000000eca00000, 0x00000000eca00000| Complete 
| 203|0x00000000ecb00000, 0x00000000ecc00000, 0x00000000ecc00000|100%| E|CS|TAMS 0x00000000ecb00000, 0x00000000ecb00000| Complete 
| 204|0x00000000ecc00000, 0x00000000ecd00000, 0x00000000ecd00000|100%| E|CS|TAMS 0x00000000ecc00000, 0x00000000ecc00000| Complete 
| 205|0x00000000ecd00000, 0x00000000ece00000, 0x00000000ece00000|100%| E|CS|TAMS 0x00000000ecd00000, 0x00000000ecd00000| Complete 
| 206|0x00000000ece00000, 0x00000000ecf00000, 0x00000000ecf00000|100%| E|CS|TAMS 0x00000000ece00000, 0x00000000ece00000| Complete 
| 207|0x00000000ecf00000, 0x00000000ed000000, 0x00000000ed000000|100%| E|CS|TAMS 0x00000000ecf00000, 0x00000000ecf00000| Complete 
| 208|0x00000000ed000000, 0x00000000ed100000, 0x00000000ed100000|100%| E|CS|TAMS 0x00000000ed000000, 0x00000000ed000000| Complete 
| 209|0x00000000ed100000, 0x00000000ed200000, 0x00000000ed200000|100%| E|CS|TAMS 0x00000000ed100000, 0x00000000ed100000| Complete 
| 210|0x00000000ed200000, 0x00000000ed300000, 0x00000000ed300000|100%| E|CS|TAMS 0x00000000ed200000, 0x00000000ed200000| Complete 
| 211|0x00000000ed300000, 0x00000000ed400000, 0x00000000ed400000|100%| E|CS|TAMS 0x00000000ed300000, 0x00000000ed300000| Complete 
| 212|0x00000000ed400000, 0x00000000ed500000, 0x00000000ed500000|100%| E|CS|TAMS 0x00000000ed400000, 0x00000000ed400000| Complete 
| 213|0x00000000ed500000, 0x00000000ed600000, 0x00000000ed600000|100%| E|CS|TAMS 0x00000000ed500000, 0x00000000ed500000| Complete 
| 214|0x00000000ed600000, 0x00000000ed700000, 0x00000000ed700000|100%| E|CS|TAMS 0x00000000ed600000, 0x00000000ed600000| Complete 
| 215|0x00000000ed700000, 0x00000000ed800000, 0x00000000ed800000|100%| E|CS|TAMS 0x00000000ed700000, 0x00000000ed700000| Complete 
| 216|0x00000000ed800000, 0x00000000ed900000, 0x00000000ed900000|100%| E|CS|TAMS 0x00000000ed800000, 0x00000000ed800000| Complete 
| 217|0x00000000ed900000, 0x00000000eda00000, 0x00000000eda00000|100%| E|CS|TAMS 0x00000000ed900000, 0x00000000ed900000| Complete 
| 218|0x00000000eda00000, 0x00000000edb00000, 0x00000000edb00000|100%| E|CS|TAMS 0x00000000eda00000, 0x00000000eda00000| Complete 
| 219|0x00000000edb00000, 0x00000000edc00000, 0x00000000edc00000|100%| E|CS|TAMS 0x00000000edb00000, 0x00000000edb00000| Complete 
| 220|0x00000000edc00000, 0x00000000edd00000, 0x00000000edd00000|100%| E|CS|TAMS 0x00000000edc00000, 0x00000000edc00000| Complete 
| 221|0x00000000edd00000, 0x00000000ede00000, 0x00000000ede00000|100%| E|CS|TAMS 0x00000000edd00000, 0x00000000edd00000| Complete 
| 222|0x00000000ede00000, 0x00000000edf00000, 0x00000000edf00000|100%| E|CS|TAMS 0x00000000ede00000, 0x00000000ede00000| Complete 
| 223|0x00000000edf00000, 0x00000000ee000000, 0x00000000ee000000|100%| E|CS|TAMS 0x00000000edf00000, 0x00000000edf00000| Complete 
| 224|0x00000000ee000000, 0x00000000ee100000, 0x00000000ee100000|100%| E|CS|TAMS 0x00000000ee000000, 0x00000000ee000000| Complete 
| 225|0x00000000ee100000, 0x00000000ee200000, 0x00000000ee200000|100%| E|CS|TAMS 0x00000000ee100000, 0x00000000ee100000| Complete 
| 226|0x00000000ee200000, 0x00000000ee300000, 0x00000000ee300000|100%| E|CS|TAMS 0x00000000ee200000, 0x00000000ee200000| Complete 
| 227|0x00000000ee300000, 0x00000000ee400000, 0x00000000ee400000|100%| E|CS|TAMS 0x00000000ee300000, 0x00000000ee300000| Complete 
| 228|0x00000000ee400000, 0x00000000ee500000, 0x00000000ee500000|100%| E|CS|TAMS 0x00000000ee400000, 0x00000000ee400000| Complete 
| 229|0x00000000ee500000, 0x00000000ee600000, 0x00000000ee600000|100%| E|CS|TAMS 0x00000000ee500000, 0x00000000ee500000| Complete 
| 230|0x00000000ee600000, 0x00000000ee700000, 0x00000000ee700000|100%| E|CS|TAMS 0x00000000ee600000, 0x00000000ee600000| Complete 
| 231|0x00000000ee700000, 0x00000000ee800000, 0x00000000ee800000|100%| E|CS|TAMS 0x00000000ee700000, 0x00000000ee700000| Complete 
| 232|0x00000000ee800000, 0x00000000ee900000, 0x00000000ee900000|100%| E|CS|TAMS 0x00000000ee800000, 0x00000000ee800000| Complete 
| 233|0x00000000ee900000, 0x00000000eea00000, 0x00000000eea00000|100%| E|CS|TAMS 0x00000000ee900000, 0x00000000ee900000| Complete 
| 234|0x00000000eea00000, 0x00000000eeb00000, 0x00000000eeb00000|100%| E|CS|TAMS 0x00000000eea00000, 0x00000000eea00000| Complete 
| 235|0x00000000eeb00000, 0x00000000eec00000, 0x00000000eec00000|100%| E|CS|TAMS 0x00000000eeb00000, 0x00000000eeb00000| Complete 
| 236|0x00000000eec00000, 0x00000000eed00000, 0x00000000eed00000|100%| E|CS|TAMS 0x00000000eec00000, 0x00000000eec00000| Complete 
| 237|0x00000000eed00000, 0x00000000eee00000, 0x00000000eee00000|100%| E|CS|TAMS 0x00000000eed00000, 0x00000000eed00000| Complete 
| 238|0x00000000eee00000, 0x00000000eef00000, 0x00000000eef00000|100%| E|CS|TAMS 0x00000000eee00000, 0x00000000eee00000| Complete 
| 239|0x00000000eef00000, 0x00000000ef000000, 0x00000000ef000000|100%| E|CS|TAMS 0x00000000eef00000, 0x00000000eef00000| Complete 
| 240|0x00000000ef000000, 0x00000000ef100000, 0x00000000ef100000|100%| E|CS|TAMS 0x00000000ef000000, 0x00000000ef000000| Complete 
| 241|0x00000000ef100000, 0x00000000ef200000, 0x00000000ef200000|100%| E|CS|TAMS 0x00000000ef100000, 0x00000000ef100000| Complete 
| 242|0x00000000ef200000, 0x00000000ef300000, 0x00000000ef300000|100%| E|CS|TAMS 0x00000000ef200000, 0x00000000ef200000| Complete 
| 243|0x00000000ef300000, 0x00000000ef400000, 0x00000000ef400000|100%| E|CS|TAMS 0x00000000ef300000, 0x00000000ef300000| Complete 
| 244|0x00000000ef400000, 0x00000000ef500000, 0x00000000ef500000|100%| E|CS|TAMS 0x00000000ef400000, 0x00000000ef400000| Complete 
| 245|0x00000000ef500000, 0x00000000ef600000, 0x00000000ef600000|100%| E|CS|TAMS 0x00000000ef500000, 0x00000000ef500000| Complete 
| 246|0x00000000ef600000, 0x00000000ef700000, 0x00000000ef700000|100%| E|CS|TAMS 0x00000000ef600000, 0x00000000ef600000| Complete 
| 247|0x00000000ef700000, 0x00000000ef800000, 0x00000000ef800000|100%| E|CS|TAMS 0x00000000ef700000, 0x00000000ef700000| Complete 
| 248|0x00000000ef800000, 0x00000000ef900000, 0x00000000ef900000|100%| E|CS|TAMS 0x00000000ef800000, 0x00000000ef800000| Complete 
| 249|0x00000000ef900000, 0x00000000efa00000, 0x00000000efa00000|100%| E|CS|TAMS 0x00000000ef900000, 0x00000000ef900000| Complete 
| 250|0x00000000efa00000, 0x00000000efb00000, 0x00000000efb00000|100%| E|CS|TAMS 0x00000000efa00000, 0x00000000efa00000| Complete 
| 251|0x00000000efb00000, 0x00000000efc00000, 0x00000000efc00000|100%| E|CS|TAMS 0x00000000efb00000, 0x00000000efb00000| Complete 
| 252|0x00000000efc00000, 0x00000000efd00000, 0x00000000efd00000|100%| E|CS|TAMS 0x00000000efc00000, 0x00000000efc00000| Complete 
| 253|0x00000000efd00000, 0x00000000efe00000, 0x00000000efe00000|100%| E|CS|TAMS 0x00000000efd00000, 0x00000000efd00000| Complete 
| 254|0x00000000efe00000, 0x00000000eff00000, 0x00000000eff00000|100%| E|CS|TAMS 0x00000000efe00000, 0x00000000efe00000| Complete 
| 255|0x00000000eff00000, 0x00000000f0000000, 0x00000000f0000000|100%| E|CS|TAMS 0x00000000eff00000, 0x00000000eff00000| Complete 

Card table byte_map: [0x00000268fd8c0000,0x00000268fd9c0000] _byte_map_base: 0x00000268fd1c0000

Marking Bits (Prev, Next): (CMBitMap*) 0x00000268f5e01080, (CMBitMap*) 0x00000268f5e01048
 Prev Bits: [0x00000268fe2c0000, 0x00000268feac0000)
 Next Bits: [0x00000268fdac0000, 0x00000268fe2c0000)

Polling page: 0x00000268f3f50000

Metaspace:

Usage:
  Non-class:     57.70 MB capacity,    56.31 MB ( 98%) used,     1.18 MB (  2%) free+waste,   221.19 KB ( <1%) overhead. 
      Class:      9.22 MB capacity,     8.43 MB ( 91%) used,   708.92 KB (  8%) free+waste,   107.13 KB (  1%) overhead. 
       Both:     66.93 MB capacity,    64.73 MB ( 97%) used,     1.87 MB (  3%) free+waste,   328.31 KB ( <1%) overhead. 

Virtual space:
  Non-class space:       58.00 MB reserved,      57.75 MB (>99%) committed 
      Class space:      248.00 MB reserved,       9.25 MB (  4%) committed 
             Both:      306.00 MB reserved,      67.00 MB ( 22%) committed 

Chunk freelists:
   Non-Class:  6.13 KB
       Class:  3.25 KB
        Both:  9.38 KB

CodeHeap 'non-profiled nmethods': size=120000Kb used=4321Kb max_used=4321Kb free=115679Kb
 bounds [0x0000026887ad0000, 0x0000026887f10000, 0x000002688f000000]
CodeHeap 'profiled nmethods': size=120000Kb used=18654Kb max_used=18654Kb free=101345Kb
 bounds [0x00000268805a0000, 0x00000268817e0000, 0x0000026887ad0000]
CodeHeap 'non-nmethods': size=5760Kb used=2251Kb max_used=2298Kb free=3508Kb
 bounds [0x0000026880000000, 0x0000026880270000, 0x00000268805a0000]
 total_blobs=10143 nmethods=9301 adapters=753
 compilation: enabled
              stopped_count=0, restarted_count=0
 full_count=0

Compilation events (10 events):
Event: 55.295 Thread 0x0000026891053000 9537       3       org.gradle.internal.logging.text.AbstractLineChoppingStyledTextOutput$1::execute (9 bytes)
Event: 55.296 Thread 0x0000026891053000 nmethod 9537 0x00000268817d5d90 code [0x00000268817d5f40, 0x00000268817d6148]
Event: 55.303 Thread 0x000002689104e800 9538  s    4       java.lang.Throwable::fillInStackTrace (29 bytes)
Event: 55.307 Thread 0x0000026891053000 9540       3       org.gradle.internal.logging.text.AbstractLineChoppingStyledTextOutput::doAppend (43 bytes)
Event: 55.308 Thread 0x0000026891053000 nmethod 9540 0x00000268817d6210 code [0x00000268817d6400, 0x00000268817d68a8]
Event: 55.308 Thread 0x000002689104e800 nmethod 9538 0x0000026887f07a90 code [0x0000026887f07c20, 0x0000026887f08008]
Event: 55.308 Thread 0x000002689104e800 9539       4       org.gradle.internal.logging.text.AbstractLineChoppingStyledTextOutput$StateContext::hasChar (25 bytes)
Event: 55.309 Thread 0x000002689104e800 nmethod 9539 0x0000026887f08110 code [0x0000026887f08280, 0x0000026887f08318]
Event: 55.313 Thread 0x000002689104e800 9541       4       jdk.internal.reflect.ClassFileAssembler::emitConstantPoolUTF8 (50 bytes)
Event: 55.314 Thread 0x0000026891053000 9542       3       java.lang.Class::searchMethods (104 bytes)

GC Heap History (10 events):
Event: 21.701 GC heap before
{Heap before GC invocations=9 (full 0):
 garbage-first heap   total 262144K, used 163340K [0x00000000e0000000, 0x0000000100000000)
  region size 1024K, 144 young (147456K), 15 survivors (15360K)
 Metaspace       used 57625K, capacity 59125K, committed 59392K, reserved 305152K
  class space    used 7591K, capacity 8164K, committed 8192K, reserved 253952K
}
Event: 21.722 GC heap after
{Heap after GC invocations=10 (full 0):
 garbage-first heap   total 262144K, used 37108K [0x00000000e0000000, 0x0000000100000000)
  region size 1024K, 15 young (15360K), 15 survivors (15360K)
 Metaspace       used 57625K, capacity 59125K, committed 59392K, reserved 305152K
  class space    used 7591K, capacity 8164K, committed 8192K, reserved 253952K
}
Event: 22.144 GC heap before
{Heap before GC invocations=10 (full 0):
 garbage-first heap   total 262144K, used 82164K [0x00000000e0000000, 0x0000000100000000)
  region size 1024K, 60 young (61440K), 15 survivors (15360K)
 Metaspace       used 58378K, capacity 60048K, committed 60160K, reserved 307200K
  class space    used 7699K, capacity 8320K, committed 8320K, reserved 253952K
}
Event: 22.162 GC heap after
{Heap after GC invocations=11 (full 0):
 garbage-first heap   total 262144K, used 41610K [0x00000000e0000000, 0x0000000100000000)
  region size 1024K, 11 young (11264K), 11 survivors (11264K)
 Metaspace       used 58378K, capacity 60048K, committed 60160K, reserved 307200K
  class space    used 7699K, capacity 8320K, committed 8320K, reserved 253952K
}
Event: 27.304 GC heap before
{Heap before GC invocations=12 (full 0):
 garbage-first heap   total 262144K, used 167562K [0x00000000e0000000, 0x0000000100000000)
  region size 1024K, 135 young (138240K), 11 survivors (11264K)
 Metaspace       used 63993K, capacity 66011K, committed 66304K, reserved 311296K
  class space    used 8427K, capacity 9175K, committed 9216K, reserved 253952K
}
Event: 27.376 GC heap after
{Heap after GC invocations=13 (full 0):
 garbage-first heap   total 262144K, used 50690K [0x00000000e0000000, 0x0000000100000000)
  region size 1024K, 14 young (14336K), 14 survivors (14336K)
 Metaspace       used 63993K, capacity 66011K, committed 66304K, reserved 311296K
  class space    used 8427K, capacity 9175K, committed 9216K, reserved 253952K
}
Event: 29.575 GC heap before
{Heap before GC invocations=13 (full 0):
 garbage-first heap   total 262144K, used 177666K [0x00000000e0000000, 0x0000000100000000)
  region size 1024K, 139 young (142336K), 14 survivors (14336K)
 Metaspace       used 64649K, capacity 66692K, committed 66816K, reserved 313344K
  class space    used 8434K, capacity 9183K, committed 9216K, reserved 253952K
}
Event: 29.593 GC heap after
{Heap after GC invocations=14 (full 0):
 garbage-first heap   total 262144K, used 57479K [0x00000000e0000000, 0x0000000100000000)
  region size 1024K, 7 young (7168K), 7 survivors (7168K)
 Metaspace       used 64649K, capacity 66692K, committed 66816K, reserved 313344K
  class space    used 8434K, capacity 9183K, committed 9216K, reserved 253952K
}
Event: 30.739 GC heap before
{Heap before GC invocations=14 (full 0):
 garbage-first heap   total 262144K, used 185479K [0x00000000e0000000, 0x0000000100000000)
  region size 1024K, 132 young (135168K), 7 survivors (7168K)
 Metaspace       used 64932K, capacity 67027K, committed 67072K, reserved 313344K
  class space    used 8436K, capacity 9186K, committed 9216K, reserved 253952K
}
Event: 30.748 GC heap after
{Heap after GC invocations=15 (full 0):
 garbage-first heap   total 262144K, used 61541K [0x00000000e0000000, 0x0000000100000000)
  region size 1024K, 11 young (11264K), 11 survivors (11264K)
 Metaspace       used 64932K, capacity 67027K, committed 67072K, reserved 313344K
  class space    used 8436K, capacity 9186K, committed 9216K, reserved 253952K
}

Deoptimization events (10 events):
Event: 31.294 Thread 0x0000026895cb2000 Uncommon trap: reason=class_check action=maybe_recompile pc=0x0000026887cffd84 method=java.util.Collections$SetFromMap.remove(Ljava/lang/Object;)Z @ 5 c2
Event: 31.295 Thread 0x0000026895cb2000 Uncommon trap: reason=class_check action=maybe_recompile pc=0x0000026887cffd84 method=java.util.Collections$SetFromMap.remove(Ljava/lang/Object;)Z @ 5 c2
Event: 31.608 Thread 0x0000026895cb2000 Uncommon trap: reason=speculate_class_check action=maybe_recompile pc=0x0000026887ee1e00 method=jdk.internal.reflect.UnsafeObjectFieldAccessorImpl.get(Ljava/lang/Object;)Ljava/lang/Object; @ 13 c2
Event: 31.608 Thread 0x0000026895cb2000 Uncommon trap: reason=speculate_class_check action=maybe_recompile pc=0x0000026887ee1e00 method=jdk.internal.reflect.UnsafeObjectFieldAccessorImpl.get(Ljava/lang/Object;)Ljava/lang/Object; @ 13 c2
Event: 31.608 Thread 0x0000026895cb2000 Uncommon trap: reason=speculate_class_check action=maybe_recompile pc=0x0000026887ee1e00 method=jdk.internal.reflect.UnsafeObjectFieldAccessorImpl.get(Ljava/lang/Object;)Ljava/lang/Object; @ 13 c2
Event: 31.608 Thread 0x0000026895cb2000 Uncommon trap: reason=speculate_class_check action=maybe_recompile pc=0x0000026887ee1e00 method=jdk.internal.reflect.UnsafeObjectFieldAccessorImpl.get(Ljava/lang/Object;)Ljava/lang/Object; @ 13 c2
Event: 31.611 Thread 0x0000026895cb2000 Uncommon trap: reason=predicate action=maybe_recompile pc=0x0000026887ed563c method=java.util.AbstractCollection.toArray([Ljava/lang/Object;)[Ljava/lang/Object; @ 43 c2
Event: 55.293 Thread 0x00000268977b4000 Uncommon trap: reason=unstable_if action=reinterpret pc=0x0000026887f05ec8 method=org.gradle.internal.logging.text.AbstractLineChoppingStyledTextOutput$2.execute(Lorg/gradle/internal/logging/text/AbstractLineChoppingStyledTextOutput$StateContext;)V @ 34 c
Event: 55.295 Thread 0x00000268977b4000 Uncommon trap: reason=unstable_if action=reinterpret pc=0x0000026887f04304 method=org.gradle.internal.logging.text.AbstractLineChoppingStyledTextOutput$2.execute(Lorg/gradle/internal/logging/text/AbstractLineChoppingStyledTextOutput$StateContext;)V @ 34 c
Event: 55.305 Thread 0x0000026892e0e000 Uncommon trap: reason=unstable_if action=reinterpret pc=0x0000026887e30080 method=java.lang.ThreadLocal.get()Ljava/lang/Object; @ 11 c2

Classes redefined (0 events):
No events

Internal exceptions (10 events):
Event: 31.281 Thread 0x0000026892e0a000 Exception <a 'java/lang/NoSuchMethodError'{0x00000000ed85b7f0}: static Lorg/gradle/internal/build/event/types/DefaultTaskSuccessResult;.<clinit>()V> (0x00000000ed85b7f0) thrown at [./open/src/hotspot/share/prims/jni.cpp, line 1366]
Event: 31.281 Thread 0x0000026892e0a000 Exception <a 'java/lang/NoSuchMethodError'{0x00000000ed85cb10}: static Lorg/gradle/internal/build/event/types/AbstractTaskResult;.<clinit>()V> (0x00000000ed85cb10) thrown at [./open/src/hotspot/share/prims/jni.cpp, line 1366]
Event: 31.281 Thread 0x0000026892e0a000 Exception <a 'java/lang/NoSuchMethodError'{0x00000000ed85e0e0}: static Lorg/gradle/internal/build/event/types/AbstractResult;.<clinit>()V> (0x00000000ed85e0e0) thrown at [./open/src/hotspot/share/prims/jni.cpp, line 1366]
Event: 31.886 Thread 0x0000026895cb2000 Exception <a 'java/lang/NoSuchMethodError'{0x00000000eb4525d8}: java.lang.invoke.DirectMethodHandle$Holder.invokeInterface(Ljava/lang/Object;Ljava/lang/Object;Ljava/lang/Object;Ljava/lang/Object;)V> (0x00000000eb4525d8) thrown at [./open/src/hotspot/share
Event: 32.057 Thread 0x00000268977b2800 Exception <a 'java/lang/NoSuchMethodError'{0x00000000eb20b458}: java.lang.invoke.DirectMethodHandle$Holder.invokeStatic(Ljava/lang/Object;J)V> (0x00000000eb20b458) thrown at [./open/src/hotspot/share/interpreter/linkResolver.cpp, line 772]
Event: 32.062 Thread 0x00000268977b2800 Exception <a 'java/lang/NoSuchMethodError'{0x00000000eb224608}: java.lang.invoke.DirectMethodHandle$Holder.invokeStatic(Ljava/lang/Object;J)Ljava/lang/Object;> (0x00000000eb224608) thrown at [./open/src/hotspot/share/interpreter/linkResolver.cpp, line 772
Event: 32.070 Thread 0x00000268977b2800 Exception <a 'java/lang/NoSuchMethodError'{0x00000000eb232968}: java.lang.invoke.DirectMethodHandle$Holder.invokeStaticInit(Ljava/lang/Object;Ljava/lang/Object;JLjava/lang/Object;)Ljava/lang/Object;> (0x00000000eb232968) thrown at [./open/src/hotspot/shar
Event: 32.072 Thread 0x00000268977b2800 Exception <a 'java/lang/NoSuchMethodError'{0x00000000eb238ac8}: java.lang.invoke.DirectMethodHandle$Holder.invokeStatic(Ljava/lang/Object;Ljava/lang/Object;J)Ljava/lang/Object;> (0x00000000eb238ac8) thrown at [./open/src/hotspot/share/interpreter/linkReso
Event: 32.074 Thread 0x00000268977b2800 Exception <a 'java/lang/NoSuchMethodError'{0x00000000eb23ed98}: java.lang.invoke.Invokers$Holder.linkToTargetMethod(Ljava/lang/Object;JLjava/lang/Object;)Ljava/lang/Object;> (0x00000000eb23ed98) thrown at [./open/src/hotspot/share/interpreter/linkResolver
Event: 55.305 Thread 0x0000026892e0e000 Implicit null exception at 0x0000026887e2f3d1 to 0x0000026887e30070

Events (10 events):
Event: 55.309 Executing VM operation: RevokeBias
Event: 55.310 Executing VM operation: RevokeBias done
Event: 55.310 Executing VM operation: RevokeBias
Event: 55.310 Thread 0x0000026892e0d000 Thread exited: 0x0000026892e0d000
Event: 55.310 Executing VM operation: RevokeBias done
Event: 55.310 Thread 0x0000026892e0e000 Thread exited: 0x0000026892e0e000
Event: 55.311 loading class org/gradle/internal/serialize/Message
Event: 55.311 loading class org/gradle/internal/serialize/Message done
Event: 55.312 loading class org/gradle/internal/serialize/ExceptionReplacingObjectOutputStream$1
Event: 55.312 loading class org/gradle/internal/serialize/ExceptionReplacingObjectOutputStream$1 done


Dynamic libraries:
0x00007ff6665d0000 - 0x00007ff6665df000 	C:\Program Files\Java\jdk-11.0.16\bin\java.exe
0x00007ffd304d0000 - 0x00007ffd306c8000 	C:\WINDOWS\SYSTEM32\ntdll.dll
0x00007ffd2ec60000 - 0x00007ffd2ed1f000 	C:\WINDOWS\System32\KERNEL32.DLL
0x00007ffd2dd10000 - 0x00007ffd2e006000 	C:\WINDOWS\System32\KERNELBASE.dll
0x00007ffd2e2b0000 - 0x00007ffd2e3b0000 	C:\WINDOWS\System32\ucrtbase.dll
0x00007ffcecf10000 - 0x00007ffcecf25000 	C:\Program Files\Java\jdk-11.0.16\bin\VCRUNTIME140.dll
0x00007ffcedd70000 - 0x00007ffcedd88000 	C:\Program Files\Java\jdk-11.0.16\bin\jli.dll
0x00007ffd2f010000 - 0x00007ffd2f0bf000 	C:\WINDOWS\System32\ADVAPI32.dll
0x00007ffd2eba0000 - 0x00007ffd2ec3e000 	C:\WINDOWS\System32\msvcrt.dll
0x00007ffd30130000 - 0x00007ffd301cc000 	C:\WINDOWS\System32\sechost.dll
0x00007ffd2ff50000 - 0x00007ffd30076000 	C:\WINDOWS\System32\RPCRT4.dll
0x00007ffd301d0000 - 0x00007ffd3036d000 	C:\WINDOWS\System32\USER32.dll
0x00007ffd2e3b0000 - 0x00007ffd2e3d2000 	C:\WINDOWS\System32\win32u.dll
0x00007ffd2e910000 - 0x00007ffd2e93c000 	C:\WINDOWS\System32\GDI32.dll
0x00007ffd2d0a0000 - 0x00007ffd2d33a000 	C:\WINDOWS\WinSxS\amd64_microsoft.windows.common-controls_6595b64144ccf1df_6.0.19041.1110_none_60b5254171f9507e\COMCTL32.dll
0x00007ffd2e410000 - 0x00007ffd2e525000 	C:\WINDOWS\System32\gdi32full.dll
0x00007ffd2e060000 - 0x00007ffd2e0fd000 	C:\WINDOWS\System32\msvcp_win.dll
0x00007ffd2b860000 - 0x00007ffd2b86a000 	C:\WINDOWS\SYSTEM32\VERSION.dll
0x00007ffd30400000 - 0x00007ffd30430000 	C:\WINDOWS\System32\IMM32.DLL
0x00007ffce5800000 - 0x00007ffce589b000 	C:\Program Files\Java\jdk-11.0.16\bin\msvcp140.dll
0x00007ffce4ce0000 - 0x00007ffce57f8000 	C:\Program Files\Java\jdk-11.0.16\bin\server\jvm.dll
0x00007ffd2f600000 - 0x00007ffd2f608000 	C:\WINDOWS\System32\PSAPI.DLL
0x00007ffd0ea70000 - 0x00007ffd0ea79000 	C:\WINDOWS\SYSTEM32\WSOCK32.dll
0x00007ffd137f0000 - 0x00007ffd13817000 	C:\WINDOWS\SYSTEM32\WINMM.dll
0x00007ffd2fe80000 - 0x00007ffd2feeb000 	C:\WINDOWS\System32\WS2_32.dll
0x00007ffd2b5a0000 - 0x00007ffd2b5b2000 	C:\WINDOWS\SYSTEM32\kernel.appcore.dll
0x00007ffd11930000 - 0x00007ffd11940000 	C:\Program Files\Java\jdk-11.0.16\bin\verify.dll
0x00007ffd2d560000 - 0x00007ffd2d744000 	C:\WINDOWS\SYSTEM32\DBGHELP.DLL
0x00007ffd2d520000 - 0x00007ffd2d554000 	C:\WINDOWS\SYSTEM32\dbgcore.DLL
0x00007ffd2e100000 - 0x00007ffd2e182000 	C:\WINDOWS\System32\bcryptPrimitives.dll
0x00007ffce9d10000 - 0x00007ffce9d38000 	C:\Program Files\Java\jdk-11.0.16\bin\java.dll
0x00007ffd115a0000 - 0x00007ffd115aa000 	C:\Program Files\Java\jdk-11.0.16\bin\jimage.dll
0x00007ffce9cf0000 - 0x00007ffce9d06000 	C:\Program Files\Java\jdk-11.0.16\bin\zip.dll
0x00007ffd2f610000 - 0x00007ffd2fd54000 	C:\WINDOWS\System32\SHELL32.dll
0x00007ffd27560000 - 0x00007ffd27cf3000 	C:\WINDOWS\SYSTEM32\windows.storage.dll
0x00007ffd2e5b0000 - 0x00007ffd2e904000 	C:\WINDOWS\System32\combase.dll
0x00007ffd2ce30000 - 0x00007ffd2ce5e000 	C:\WINDOWS\SYSTEM32\Wldp.dll
0x00007ffd2e960000 - 0x00007ffd2ea0d000 	C:\WINDOWS\System32\SHCORE.dll
0x00007ffd2ed20000 - 0x00007ffd2ed75000 	C:\WINDOWS\System32\shlwapi.dll
0x00007ffd2daf0000 - 0x00007ffd2db0f000 	C:\WINDOWS\SYSTEM32\profapi.dll
0x00007ffce9cd0000 - 0x00007ffce9ce9000 	C:\Program Files\Java\jdk-11.0.16\bin\net.dll
0x00007ffd23d30000 - 0x00007ffd23e3a000 	C:\WINDOWS\SYSTEM32\WINHTTP.dll
0x00007ffd2cc10000 - 0x00007ffd2cc7a000 	C:\WINDOWS\system32\mswsock.dll
0x00007ffce9cb0000 - 0x00007ffce9cc2000 	C:\Program Files\Java\jdk-11.0.16\bin\nio.dll
0x00007ffd24d60000 - 0x00007ffd24d87000 	C:\Users\selena\.gradle\native\e1d6ef7f7dcc3fd88c89a11ec53ec762bb8ba0a96d01ffa2cd45eb1d1d8dd5c5\windows-amd64\native-platform.dll
0x00007ffcec580000 - 0x00007ffcec6c4000 	C:\Users\selena\.gradle\native\0d407fdbe67a94daf76414ababcb853783967236a71b16ec16e742cd7a986fd3\windows-amd64\native-platform-file-events.dll
0x00007ffd24ca0000 - 0x00007ffd24ca9000 	C:\Program Files\Java\jdk-11.0.16\bin\management.dll
0x00007ffd24c90000 - 0x00007ffd24c9b000 	C:\Program Files\Java\jdk-11.0.16\bin\management_ext.dll
0x00007ffd2d940000 - 0x00007ffd2d958000 	C:\WINDOWS\SYSTEM32\CRYPTSP.dll
0x00007ffd2c5b0000 - 0x00007ffd2c5e4000 	C:\WINDOWS\system32\rsaenh.dll
0x00007ffd2e3e0000 - 0x00007ffd2e407000 	C:\WINDOWS\System32\bcrypt.dll
0x00007ffd2dab0000 - 0x00007ffd2dade000 	C:\WINDOWS\SYSTEM32\USERENV.dll
0x00007ffd2cda0000 - 0x00007ffd2cdac000 	C:\WINDOWS\SYSTEM32\CRYPTBASE.dll
0x00007ffd2c920000 - 0x00007ffd2c95c000 	C:\WINDOWS\SYSTEM32\IPHLPAPI.DLL
0x00007ffd2e950000 - 0x00007ffd2e958000 	C:\WINDOWS\System32\NSI.dll
0x00007ffd1a2d0000 - 0x00007ffd1a2e7000 	C:\WINDOWS\SYSTEM32\dhcpcsvc6.DLL
0x00007ffd1a4c0000 - 0x00007ffd1a4dd000 	C:\WINDOWS\SYSTEM32\dhcpcsvc.DLL
0x00007ffd2c960000 - 0x00007ffd2ca2b000 	C:\WINDOWS\SYSTEM32\DNSAPI.dll

dbghelp: loaded successfully - version: 4.0.5 - missing functions: none
symbol engine: initialized successfully - sym options: 0x614 - pdb path: .;C:\Program Files\Java\jdk-11.0.16\bin;C:\WINDOWS\SYSTEM32;C:\WINDOWS\WinSxS\amd64_microsoft.windows.common-controls_6595b64144ccf1df_6.0.19041.1110_none_60b5254171f9507e;C:\Program Files\Java\jdk-11.0.16\bin\server;C:\Users\selena\.gradle\native\e1d6ef7f7dcc3fd88c89a11ec53ec762bb8ba0a96d01ffa2cd45eb1d1d8dd5c5\windows-amd64;C:\Users\selena\.gradle\native\0d407fdbe67a94daf76414ababcb853783967236a71b16ec16e742cd7a986fd3\windows-amd64

VM Arguments:
jvm_args: --add-opens=java.base/java.util=ALL-UNNAMED --add-opens=java.base/java.lang=ALL-UNNAMED --add-opens=java.base/java.lang.invoke=ALL-UNNAMED --add-opens=java.base/java.util=ALL-UNNAMED --add-opens=java.prefs/java.util.prefs=ALL-UNNAMED --add-opens=java.prefs/java.util.prefs=ALL-UNNAMED --add-opens=java.base/java.nio.charset=ALL-UNNAMED --add-opens=java.base/java.net=ALL-UNNAMED --add-opens=java.base/java.util.concurrent.atomic=ALL-UNNAMED -XX:MaxMetaspaceSize=256m -XX:+HeapDumpOnOutOfMemoryError -Xms256m -Xmx512m -Dfile.encoding=windows-1252 -Duser.country=FR -Duser.language=fr -Duser.variant 
java_command: org.gradle.launcher.daemon.bootstrap.GradleDaemon 7.4.1
java_class_path (initial): C:\Users\selena\.gradle\wrapper\dists\gradle-7.4.1-bin\58kw26xllvsiedyf3nujyarhn\gradle-7.4.1\lib\gradle-launcher-7.4.1.jar
Launcher Type: SUN_STANDARD

[Global flags]
     intx CICompilerCount                          = 4                                         {product} {ergonomic}
   size_t CompressedClassSpaceSize                 = 260046848                                 {product} {ergonomic}
     uint ConcGCThreads                            = 2                                         {product} {ergonomic}
     uint G1ConcRefinementThreads                  = 8                                         {product} {ergonomic}
   size_t G1HeapRegionSize                         = 1048576                                   {product} {ergonomic}
    uintx GCDrainStackTargetSize                   = 64                                        {product} {ergonomic}
     bool HeapDumpOnOutOfMemoryError               = true                                   {manageable} {command line}
   size_t InitialHeapSize                          = 268435456                                 {product} {command line}
   size_t MarkStackSize                            = 4194304                                   {product} {ergonomic}
   size_t MaxHeapSize                              = 536870912                                 {product} {command line}
   size_t MaxMetaspaceSize                         = 268435456                                 {product} {command line}
   size_t MaxNewSize                               = 321912832                                 {product} {ergonomic}
   size_t MinHeapDeltaBytes                        = 1048576                                   {product} {ergonomic}
    uintx NonNMethodCodeHeapSize                   = 5836300                                {pd product} {ergonomic}
    uintx NonProfiledCodeHeapSize                  = 122910970                              {pd product} {ergonomic}
    uintx ProfiledCodeHeapSize                     = 122910970                              {pd product} {ergonomic}
    uintx ReservedCodeCacheSize                    = 251658240                              {pd product} {ergonomic}
     bool SegmentedCodeCache                       = true                                      {product} {ergonomic}
     bool UseCompressedClassPointers               = true                                 {lp64_product} {ergonomic}
     bool UseCompressedOops                        = true                                 {lp64_product} {ergonomic}
     bool UseG1GC                                  = true                                      {product} {ergonomic}
     bool UseLargePagesIndividualAllocation        = false                                  {pd product} {ergonomic}

Logging:
Log output configuration:
 #0: stdout all=warning uptime,level,tags
 #1: stderr all=off uptime,level,tags

Environment Variables:
JAVA_HOME=C:\Program Files\Java\jdk-11.0.16
PATH=C:\Program Files\Common Files\Oracle\Java\javapath;C:\Program Files (x86)\Common Files\Oracle\Java\javapath;C:\Windows\system32;C:\Windows;C:\Windows\System32\Wbem;C:\Windows\System32\WindowsPowerShell\v1.0\;C:\Windows\System32\OpenSSH\;C:\Program Files (x86)\NVIDIA Corporation\PhysX\Common;C:\Program Files\Intel\WiFi\bin\;C:\Program Files\Common Files\Intel\WirelessCommon\;C:\WINDOWS\system32;C:\WINDOWS;C:\WINDOWS\System32\Wbem;C:\WINDOWS\System32\WindowsPowerShell\v1.0\;C:\WINDOWS\System32\OpenSSH\;C:\Program Files\Docker\Docker\resources\bin;C:\ProgramData\DockerDesktop\version-bin;C:\Program Files\Git\cmd;C:\Program Files\nodejs\;C:\Program Files (x86)\Microsoft SQL Server\160\Tools\Binn\;C:\Program Files\Microsoft SQL Server\160\Tools\Binn\;C:\Program Files\Microsoft SQL Server\Client SDK\ODBC\170\Tools\Binn\;C:\Program Files\Microsoft SQL Server\160\DTS\Binn\;C:\Program Files (x86)\Microsoft SQL Server\160\DTS\Binn\;C:\Program Files\Azure Data Studio\bin;C:\Users\selena\AppData\Local\Programs\Python\Python311\Scripts\;C:\Users\selena\AppData\Local\Programs\Python\Python311\;C:\Users\selena\AppData\Local\Microsoft\WindowsApps;C:\Users\selena\AppData\Local\JetBrains\Toolbox\scripts;C:\Users\selena\AppData\Roaming\npm;C:\Users\selena\AppData\Local\Programs\Microsoft VS Code\bin;C:\Program Files\apache-maven-3.9.1\bin;C:\Program Files\Java\jdk-11.0.16\bin;C:\Program Files\Azure Data Studio\bin;C:\Users\selena\AppData\Local\Programs\MiKTeX\miktex\bin\x64\
USERNAME=selena
OS=Windows_NT
PROCESSOR_IDENTIFIER=Intel64 Family 6 Model 142 Stepping 11, GenuineIntel



---------------  S Y S T E M  ---------------

OS: Windows 10 , 64 bit Build 19041 (10.0.19041.2913)
Hyper-V role detected

CPU:total 8 (initial active 8) (4 cores per cpu, 2 threads per core) family 6 model 142 stepping 11 microcode 0xde, cmov, cx8, fxsr, mmx, sse, sse2, sse3, ssse3, sse4.1, sse4.2, popcnt, avx, avx2, aes, clmul, erms, 3dnowpref, lzcnt, ht, tsc, tscinvbit, bmi1, bmi2, adx, fma

Memory: 4k page, system-wide physical 8006M (379M free)
TotalPageFile size 32582M (AvailPageFile size 418M)
current process WorkingSet (physical memory assigned to process): 378M, peak: 408M
current process commit charge ("private bytes"): 476M, peak: 502M

vm_info: Java HotSpot(TM) 64-Bit Server VM (11.0.16+11-LTS-199) for windows-amd64 JRE (11.0.16+11-LTS-199), built on Jun 28 2022 08:23:17 by "mach5one" with MS VC++ 15.9 (VS2017)

END.
