#
# There is insufficient memory for the Java Runtime Environment to continue.
# Native memory allocation (mmap) failed to map 132120576 bytes for Failed to commit area from 0x0000000082e00000 to 0x000000008ac00000 of length 132120576.
# Possible reasons:
#   The system is out of physical RAM or swap space
#   The process is running with CompressedOops enabled, and the Java Heap may be blocking the growth of the native heap
# Possible solutions:
#   Reduce memory load on the system
#   Increase physical memory or swap space
#   Check if swap backing store is full
#   Decrease Java heap size (-Xmx/-Xms)
#   Decrease number of Java threads
#   Decrease Java thread stack sizes (-Xss)
#   Set larger code cache with -XX:ReservedCodeCacheSize=
# This output file may be truncated or incomplete.
#
#  Out of Memory Error (./open/src/hotspot/os/windows/os_windows.cpp:3287), pid=16832, tid=16776
#
# JRE version:  (11.0.16+11) (build )
# Java VM: Java HotSpot(TM) 64-Bit Server VM (11.0.16+11-LTS-199, mixed mode, sharing, tiered, compressed oops, g1 gc, windows-amd64)
# No core dump will be written. Minidumps are not enabled by default on client versions of Windows
#

---------------  S U M M A R Y ------------

Command Line: -Dij.spring.boot.application.process=86ba48fc-5d30-45ee-bc4a-2bd6f8e61894 -Dmanagement.endpoints.jmx.exposure.include=* -Dspring.application.admin.enabled=true -Dspring.jmx.enabled=true -Dspring.liveBeansView.mbeanDomain -Dspring.output.ansi.enabled=always -XX:TieredStopAtLevel=1 -Dcom.sun.management.jmxremote -Dfile.encoding=windows-1252 -Duser.country=FR -Duser.language=fr -Duser.variant priam.data.priamdataservice.PriamDataServiceApplication

Host: Intel(R) Core(TM) i7-8565U CPU @ 1.80GHz, 8 cores, 7G,  Windows 10 , 64 bit Build 19041 (10.0.19041.2913)
Time: Wed Jun 14 11:06:15 2023 Paris, Madrid (heure duild 19041 (10.0.19041.2913) elapsed time: 0.020556 seconds (0d 0h 0m 0s)

---------------  T H R E A D  ---------------

Current thread (0x00000268fe43a000):  JavaThread "Unknown thread" [_thread_in_vm, id=16776, stack(0x000000e339600000,0x000000e339700000)]

Stack: [0x000000e339600000,0x000000e339700000]
Native frames: (J=compiled Java code, j=interpreted, Vv=VM code, C=native code)
V  [jvm.dll+0x62a3ea]
V  [jvm.dll+0x76418f]
V  [jvm.dll+0x765839]
V  [jvm.dll+0x765ec3]
V  [jvm.dll+0x23da98]
V  [jvm.dll+0x62770a]
V  [jvm.dll+0x61c475]
V  [jvm.dll+0x2f2aac]
V  [jvm.dll+0x2f2932]
V  [jvm.dll+0x2f7656]
V  [jvm.dll+0x33a1cf]
V  [jvm.dll+0x339c00]
V  [jvm.dll+0x2d00c8]
V  [jvm.dll+0x2d1236]
V  [jvm.dll+0x73e757]
V  [jvm.dll+0x73ffef]
V  [jvm.dll+0x346ef9]
V  [jvm.dll+0x723f90]
V  [jvm.dll+0x3b5adf]
V  [jvm.dll+0x3b7bf1]
C  [jli.dll+0x5207]
C  [ucrtbase.dll+0x21bb2]
C  [KERNEL32.DLL+0x17614]
C  [ntdll.dll+0x526a1]


---------------  P R O C E S S  ---------------

Threads class SMR info:
_java_thread_list=0x00000268fc2dc810, length=0, elements={
}

Java Threads: ( => current thread )

Other Threads:
  0x00000268fe44f000 GCTaskThread "GC Thread#0" [stack: 0x000000e339700000,0x000000e339800000] [id=4568]
  0x00000268fe482000 ConcurrentGCThread "G1 Main Marker" [stack: 0x000000e339800000,0x000000e339900000] [id=13760]
  0x00000268fe485800 ConcurrentGCThread "G1 Conc#0" [stack: 0x000000e339900000,0x000000e339a00000] [id=20352]

[error occurred during error reporting (printing all threads), id 0xc0000005, EXCEPTION_ACCESS_VIOLATION (0xc0000005) at pc=0x00007ffa18d2f357]

VM state:not at safepoint (not fully initialized)

VM Mutex/Monitor currently owned by a thread:  ([mutex/lock_event])
[0x00000268fe437910] Heap_lock - owner thread: 0x00000268fe43a000

Heap address: 0x0000000082e00000, size: 2002 MB, Compressed Oops mode: Non-zero based: 0x0000000082e00000
Narrow klass base: 0x0000000000000000, Narrow klass shift: 0

GC Heap History (0 events):
No events

Deoptimization events (0 events):
No events

Classes redefined (0 events):
No events

Internal exceptions (0 events):
No events

Events (0 events):
No events


Dynamic libraries:
0x00007ff7768b0000 - 0x00007ff7768bf000 	C:\Program Files\Java\jdk-11.0.16\bin\java.exe
0x00007ffa5c510000 - 0x00007ffa5c708000 	C:\WINDOWS\SYSTEM32\ntdll.dll
0x00007ffa5b110000 - 0x00007ffa5b1cf000 	C:\WINDOWS\System32\KERNEL32.DLL
0x00007ffa59e00000 - 0x00007ffa5a0f6000 	C:\WINDOWS\System32\KERNELBASE.dll
0x00007ffa5a2c0000 - 0x00007ffa5a3c0000 	C:\WINDOWS\System32\ucrtbase.dll
0x00007ffa49090000 - 0x00007ffa490a8000 	C:\Program Files\Java\jdk-11.0.16\bin\jli.dll
0x00007ffa3e570000 - 0x00007ffa3e585000 	C:\Program Files\Java\jdk-11.0.16\bin\VCRUNTIME140.dll
0x00007ffa5b900000 - 0x00007ffa5b9af000 	C:\WINDOWS\System32\ADVAPI32.dll
0x00007ffa5c430000 - 0x00007ffa5c4ce000 	C:\WINDOWS\System32\msvcrt.dll
0x00007ffa5b060000 - 0x00007ffa5b0fc000 	C:\WINDOWS\System32\sechost.dll
0x00007ffa5bb50000 - 0x00007ffa5bc76000 	C:\WINDOWS\System32\RPCRT4.dll
0x00007ffa5b9b0000 - 0x00007ffa5bb4d000 	C:\WINDOWS\System32\USER32.dll
0x00007ffa59d80000 - 0x00007ffa59da2000 	C:\WINDOWS\System32\win32u.dll
0x00007ffa5a570000 - 0x00007ffa5a59c000 	C:\WINDOWS\System32\GDI32.dll
0x00007ffa590e0000 - 0x00007ffa5937a000 	C:\WINDOWS\WinSxS\amd64_microsoft.windows.common-controls_6595b64144ccf1df_6.0.19041.1110_none_60b5254171f9507e\COMCTL32.dll
0x00007ffa5a3c0000 - 0x00007ffa5a4d5000 	C:\WINDOWS\System32\gdi32full.dll
0x00007ffa5a100000 - 0x00007ffa5a19d000 	C:\WINDOWS\System32\msvcp_win.dll
0x00007ffa578d0000 - 0x00007ffa578da000 	C:\WINDOWS\SYSTEM32\VERSION.dll
0x00007ffa5aa20000 - 0x00007ffa5aa50000 	C:\WINDOWS\System32\IMM32.DLL
0x00007ffa330a0000 - 0x00007ffa3313b000 	C:\Program Files\Java\jdk-11.0.16\bin\msvcp140.dll
0x00007ffa18a50000 - 0x00007ffa19568000 	C:\Program Files\Java\jdk-11.0.16\bin\server\jvm.dll
0x00007ffa5b100000 - 0x00007ffa5b108000 	C:\WINDOWS\System32\PSAPI.DLL
0x00007ffa3cf20000 - 0x00007ffa3cf29000 	C:\WINDOWS\SYSTEM32\WSOCK32.dll
0x00007ffa40710000 - 0x00007ffa40737000 	C:\WINDOWS\SYSTEM32\WINMM.dll
0x00007ffa5b760000 - 0x00007ffa5b7cb000 	C:\WINDOWS\System32\WS2_32.dll
0x00007ffa575e0000 - 0x00007ffa575f2000 	C:\WINDOWS\SYSTEM32\kernel.appcore.dll
0x00007ffa4d790000 - 0x00007ffa4d7a0000 	C:\Program Files\Java\jdk-11.0.16\bin\verify.dll
0x00007ffa59620000 - 0x00007ffa59804000 	C:\WINDOWS\SYSTEM32\DBGHELP.DLL
0x00007ffa59560000 - 0x00007ffa59594000 	C:\WINDOWS\SYSTEM32\dbgcore.DLL
0x00007ffa5a4e0000 - 0x00007ffa5a562000 	C:\WINDOWS\System32\bcryptPrimitives.dll
0x00007ffa3e540000 - 0x00007ffa3e568000 	C:\Program Files\Java\jdk-11.0.16\bin\java.dll
0x00007ffa3e530000 - 0x00007ffa3e53a000 	C:\Program Files\Java\jdk-11.0.16\bin\jimage.dll
0x00007ffa3cdc0000 - 0x00007ffa3cdd6000 	C:\Program Files\Java\jdk-11.0.16\bin\zip.dll

dbghelp: loaded successfully - version: 4.0.5 - missing functions: none
symbol engine: initialized successfully - sym options: 0x614 - pdb path: .;C:\Program Files\Java\jdk-11.0.16\bin;C:\WINDOWS\SYSTEM32;C:\WINDOWS\WinSxS\amd64_microsoft.windows.common-controls_6595b64144ccf1df_6.0.19041.1110_none_60b5254171f9507e;C:\Program Files\Java\jdk-11.0.16\bin\server

VM Arguments:
jvm_args: -Dij.spring.boot.application.process=86ba48fc-5d30-45ee-bc4a-2bd6f8e61894 -Dmanagement.endpoints.jmx.exposure.include=* -Dspring.application.admin.enabled=true -Dspring.jmx.enabled=true -Dspring.liveBeansView.mbeanDomain -Dspring.output.ansi.enabled=always -XX:TieredStopAtLevel=1 -Dcom.sun.management.jmxremote -Dfile.encoding=windows-1252 -Duser.country=FR -Duser.language=fr -Duser.variant 
java_command: priam.data.priamdataservice.PriamDataServiceApplication
java_class_path (initial): D:\doctorat\Projets\PRIAM-Microservices\PRIAM-Data-service\build\classes\java\main;D:\doctorat\Projets\PRIAM-Microservices\PRIAM-Data-service\build\resources\main;C:\Users\selena\.gradle\caches\modules-2\files-2.1\org.mapstruct\mapstruct\1.4.2.Final\68d82e631f75d073b3a432cb6cc1920fec57357b\mapstruct-1.4.2.Final.jar;C:\Users\selena\.gradle\caches\modules-2\files-2.1\org.springframework.cloud\spring-cloud-starter-openfeign\3.1.1\e2a5d1bd8899b7eef06cbf335b961d9af7a6a282\spring-cloud-starter-openfeign-3.1.1.jar;C:\Users\selena\.gradle\caches\modules-2\files-2.1\org.springdoc\springdoc-openapi-ui\1.6.6\47d5f8506af2457c1ecf66fc8fe58888ed8e1c66\springdoc-openapi-ui-1.6.6.jar;C:\Users\selena\.gradle\caches\modules-2\files-2.1\org.springframework.boot\spring-boot-starter-data-jpa\2.6.6\30942753cd29132913a5b642dc5b045c1cb18fd9\spring-boot-starter-data-jpa-2.6.6.jar;C:\Users\selena\.gradle\caches\modules-2\files-2.1\org.springframework.boot\spring-boot-starter-web\2.6.6\7aa73898044e9fb7dc71dbf4d4e0f2fbcc7ce25f\spring-boot-starter-web-2.6.6.jar;C:\Users\selena\.gradle\caches\modules-2\files-2.1\org.springframework.cloud\spring-cloud-starter-netflix-eureka-client\3.1.1\9e848fb1f583f7dfd66e960ffa661a168fa75051\spring-cloud-starter-netflix-eureka-client-3.1.1.jar;C:\Users\selena\.gradle\caches\modules-2\files-2.1\mysql\mysql-connector-java\8.0.28\33678b1729d4f832b9e4bcb2d5bbd67940920a7a\mysql-connector-java-8.0.28.jar;C:\Users\selena\.gradle\caches\modules-2\files-2.1\org.springframework.cloud\spring-cloud-starter-loadbalancer\3.1.1\694b14b650df8446fe0b262947e322ad2ccef7bd\spring-cloud-starter-loadbalancer-3.1.1.jar;C:\Users\selena\.gradle\caches\modules-2\files-2.1\org.springframework.cloud\spring-cloud-starter\3.1.1\d2b4f0a5522ef7656fae111f7f48ea8da3deac73\spring-cloud-starter-3.1.1.jar;C:\Users\selena\.gradle\caches\modules-2\files-2.1\org.springframework.cloud\spring-cloud-openfeign-core\3.1.1\47bb4d749970a1b73e9613497b0d7942ef076729\spring-cloud-o
Launcher Type: SUN_STANDARD

[Global flags]
     intx CICompilerCount                          = 4                                         {product} {ergonomic}
     uint ConcGCThreads                            = 2                                         {product} {ergonomic}
     uint G1ConcRefinementThreads                  = 8                                         {product} {ergonomic}
   size_t G1HeapRegionSize                         = 1048576                                   {product} {ergonomic}
    uintx GCDrainStackTargetSize                   = 64                                        {product} {ergonomic}
   size_t InitialHeapSize                          = 132120576                                 {product} {ergonomic}
     bool ManagementServer                         = true                                      {product} {command line}
   size_t MarkStackSize                            = 4194304                                   {product} {ergonomic}
   size_t MaxHeapSize                              = 2099249152                                {product} {ergonomic}
   size_t MinHeapDeltaBytes                        = 1048576                                   {product} {ergonomic}
    uintx NonNMethodCodeHeapSize                   = 7549744                                {pd product} {ergonomic}
    uintx NonProfiledCodeHeapSize                  = 244108496                              {pd product} {ergonomic}
    uintx ProfiledCodeHeapSize                     = 0                                      {pd product} {ergonomic}
    uintx ReservedCodeCacheSize                    = 251658240                              {pd product} {ergonomic}
     bool SegmentedCodeCache                       = true                                      {product} {ergonomic}
     intx TieredStopAtLevel                        = 1                                         {product} {command line}
     bool UseCompressedClassPointers               = true                                 {lp64_product} {ergonomic}
     bool UseCompressedOops                        = true                                 {lp64_product} {ergonomic}
     bool UseG1GC                                  = true                                      {product} {ergonomic}
     bool UseLargePagesIndividualAllocation        = false                                  {pd product} {ergonomic}

Logging:
Log output configuration:
 #0: stdout all=warning uptime,level,tags
 #1: stderr all=off uptime,level,tags

Environment Variables:
JAVA_HOME=C:\Program Files\Java\jdk-11.0.16
PATH=C:\Program Files\Common Files\Oracle\Java\javapath;C:\Program Files (x86)\Common Files\Oracle\Java\javapath;C:\Windows\system32;C:\Windows;C:\Windows\System32\Wbem;C:\Windows\System32\WindowsPowerShell\v1.0\;C:\Windows\System32\OpenSSH\;C:\Program Files (x86)\NVIDIA Corporation\PhysX\Common;C:\Program Files\Intel\WiFi\bin\;C:\Program Files\Common Files\Intel\WirelessCommon\;C:\WINDOWS\system32;C:\WINDOWS;C:\WINDOWS\System32\Wbem;C:\WINDOWS\System32\WindowsPowerShell\v1.0\;C:\WINDOWS\System32\OpenSSH\;C:\Program Files\Docker\Docker\resources\bin;C:\ProgramData\DockerDesktop\version-bin;C:\Program Files\Git\cmd;C:\Program Files\nodejs\;C:\Program Files (x86)\Microsoft SQL Server\160\Tools\Binn\;C:\Program Files\Microsoft SQL Server\160\Tools\Binn\;C:\Program Files\Microsoft SQL Server\Client SDK\ODBC\170\Tools\Binn\;C:\Program Files\Microsoft SQL Server\160\DTS\Binn\;C:\Program Files (x86)\Microsoft SQL Server\160\DTS\Binn\;C:\Program Files\Azure Data Studio\bin;C:\Users\selena\AppData\Local\Programs\Python\Python311\Scripts\;C:\Users\selena\AppData\Local\Programs\Python\Python311\;C:\Users\selena\AppData\Local\Microsoft\WindowsApps;C:\Users\selena\AppData\Local\JetBrains\Toolbox\scripts;C:\Users\selena\AppData\Roaming\npm;C:\Users\selena\AppData\Local\Programs\Microsoft VS Code\bin;C:\Program Files\apache-maven-3.9.1\bin;C:\Program Files\Java\jdk-11.0.16\bin;C:\Program Files\Azure Data Studio\bin;C:\Users\selena\AppData\Local\Programs\MiKTeX\miktex\bin\x64\
USERNAME=selena
OS=Windows_NT
PROCESSOR_IDENTIFIER=Intel64 Family 6 Model 142 Stepping 11, GenuineIntel



---------------  S Y S T E M  ---------------

OS: Windows 10 , 64 bit Build 19041 (10.0.19041.2913)
Hyper-V role detected

CPU:total 8 (initial active 8) (4 cores per cpu, 2 threads per core) family 6 model 142 stepping 11 microcode 0xde, cmov, cx8, fxsr, mmx, sse, sse2, sse3, ssse3, sse4.1, sse4.2, popcnt, avx, avx2, aes, clmul, erms, 3dnowpref, lzcnt, ht, tsc, tscinvbit, bmi1, bmi2, adx, fma

Memory: 4k page, system-wide physical 8006M (368M free)
TotalPageFile size 32582M (AvailPageFile size 31M)
current process WorkingSet (physical memory assigned to process): 10M, peak: 10M
current process commit charge ("private bytes"): 57M, peak: 183M

vm_info: Java HotSpot(TM) 64-Bit Server VM (11.0.16+11-LTS-199) for windows-amd64 JRE (11.0.16+11-LTS-199), built on Jun 28 2022 08:23:17 by "mach5one" with MS VC++ 15.9 (VS2017)

END.
