#
# There is insufficient memory for the Java Runtime Environment to continue.
# Native memory allocation (malloc) failed to allocate 1048576 bytes for AllocateHeap
# Possible reasons:
#   The system is out of physical RAM or swap space
#   The process is running with CompressedOops enabled, and the Java Heap may be blocking the growth of the native heap
# Possible solutions:
#   Reduce memory load on the system
#   Increase physical memory or swap space
#   Check if swap backing store is full
#   Decrease Java heap size (-Xmx/-Xms)
#   Decrease number of Java threads
#   Decrease Java thread stack sizes (-Xss)
#   Set larger code cache with -XX:ReservedCodeCacheSize=
#   JVM is running with Unscaled Compressed Oops mode in which the Java heap is
#     placed in the first 4GB address space. The Java Heap base address is the
#     maximum limit for the native heap growth. Please use -XX:HeapBaseMinAddress
#     to set the Java Heap base and to place the Java Heap above 4GB virtual address.
# This output file may be truncated or incomplete.
#
#  Out of Memory Error (./open/src/hotspot/share/memory/allocation.cpp:46), pid=10080, tid=11944
#
# JRE version: Java(TM) SE Runtime Environment 18.9 (11.0.16+11) (build 11.0.16+11-LTS-199)
# Java VM: Java HotSpot(TM) 64-Bit Server VM 18.9 (11.0.16+11-LTS-199, mixed mode, tiered, compressed oops, g1 gc, windows-amd64)
# No core dump will be written. Minidumps are not enabled by default on client versions of Windows
#

---------------  S U M M A R Y ------------

Command Line: -Dij.spring.boot.application.process=ccac8604-ba6f-4229-9fb5-71677b0f8878 -Dmanagement.endpoints.jmx.exposure.include=* -Dspring.application.admin.enabled=true -Dspring.jmx.enabled=true -Dspring.liveBeansView.mbeanDomain -Dspring.output.ansi.enabled=always -XX:TieredStopAtLevel=1 -Dcom.sun.management.jmxremote -Dfile.encoding=windows-1252 -Duser.country=FR -Duser.language=fr -Duser.variant priam.data.priamdataservice.PriamDataServiceApplication

Host: Intel(R) Core(TM) i7-8565U CPU @ 1.80GHz, 8 cores, 7G,  Windows 10 , 64 bit Build 19041 (10.0.19041.2913)
Time: Tue Jun 13 23:03:55 2023 Paris, Madrid (heure duild 19041 (10.0.19041.2913) elapsed time: 23.138297 seconds (0d 0h 0m 23s)

---------------  T H R E A D  ---------------

Current thread (0x000001b56b28e800):  VMThread "VM Thread" [stack: 0x0000004a67200000,0x0000004a67300000] [id=11944]

Stack: [0x0000004a67200000,0x0000004a67300000]
[error occurred during error reporting (printing stack bounds), id 0xc0000005, EXCEPTION_ACCESS_VIOLATION (0xc0000005) at pc=0x000001b554ab0f2d]

Native frames: (J=compiled Java code, j=interpreted, Vv=VM code, C=native code)
V  [jvm.dll+0x62a3ea]
V  [jvm.dll+0x76418f]
V  [jvm.dll+0x765839]
V  [jvm.dll+0x765e25]
V  [jvm.dll+0x765ddb]
V  [jvm.dll+0x6298d3]
V  [jvm.dll+0x629fe8]
C  [ntdll.dll+0xa23df]
C  [ntdll.dll+0x514a4]
C  [ntdll.dll+0xa0f0e]
C  0x000001b554ab0f2d

VM_Operation (0x0000004a66cfca90): CollectForMetadataAllocation, mode: safepoint, requested by thread 0x000001b54d41a800


---------------  P R O C E S S  ---------------

Threads class SMR info:
_java_thread_list=0x000001b56df00ea0, length=16, elements={
0x000001b54d41a800, 0x000001b56b2b1800, 0x000001b56b2ba000, 0x000001b56bc59000,
0x000001b56bc5a000, 0x000001b56bc5c000, 0x000001b56bc5f800, 0x000001b56bc61000,
0x000001b56b247000, 0x000001b56c4ce800, 0x000001b56c6fd800, 0x000001b56c7ac800,
0x000001b56c7ad000, 0x000001b56de3d800, 0x000001b56fa82800, 0x000001b56bdac800
}

Java Threads: ( => current thread )
  0x000001b54d41a800 JavaThread "main" [_thread_blocked, id=13072, stack(0x0000004a66c00000,0x0000004a66d00000)]
  0x000001b56b2b1800 JavaThread "Reference Handler" daemon [_thread_blocked, id=2732, stack(0x0000004a67300000,0x0000004a67400000)]
  0x000001b56b2ba000 JavaThread "Finalizer" daemon [_thread_blocked, id=7820, stack(0x0000004a67400000,0x0000004a67500000)]
  0x000001b56bc59000 JavaThread "Signal Dispatcher" daemon [_thread_blocked, id=19284, stack(0x0000004a67500000,0x0000004a67600000)]
  0x000001b56bc5a000 JavaThread "Attach Listener" daemon [_thread_blocked, id=17972, stack(0x0000004a67600000,0x0000004a67700000)]
  0x000001b56bc5c000 JavaThread "Service Thread" daemon [_thread_blocked, id=19040, stack(0x0000004a67700000,0x0000004a67800000)]
  0x000001b56bc5f800 JavaThread "C1 CompilerThread0" daemon [_thread_blocked, id=13884, stack(0x0000004a67800000,0x0000004a67900000)]
  0x000001b56bc61000 JavaThread "Sweeper thread" daemon [_thread_blocked, id=9000, stack(0x0000004a67900000,0x0000004a67a00000)]
  0x000001b56b247000 JavaThread "Common-Cleaner" daemon [_thread_blocked, id=10980, stack(0x0000004a67a00000,0x0000004a67b00000)]
  0x000001b56c4ce800 JavaThread "RMI TCP Accept-0" daemon [_thread_in_native, id=6988, stack(0x0000004a67b00000,0x0000004a67c00000)]
  0x000001b56c6fd800 JavaThread "Catalina-utility-1" [_thread_blocked, id=12716, stack(0x0000004a67f00000,0x0000004a68000000)]
  0x000001b56c7ac800 JavaThread "Catalina-utility-2" [_thread_blocked, id=18564, stack(0x0000004a68200000,0x0000004a68300000)]
  0x000001b56c7ad000 JavaThread "container-0" [_thread_blocked, id=18348, stack(0x0000004a68300000,0x0000004a68400000)]
  0x000001b56de3d800 JavaThread "mysql-cj-abandoned-connection-cleanup" daemon [_thread_blocked, id=18908, stack(0x0000004a68400000,0x0000004a68500000)]
  0x000001b56fa82800 JavaThread "HikariPool-1 housekeeper" daemon [_thread_blocked, id=19992, stack(0x0000004a68a00000,0x0000004a68b00000)]
  0x000001b56bdac800 JavaThread "HikariPool-1 connection adder" daemon [_thread_blocked, id=12768, stack(0x0000004a68b00000,0x0000004a68c00000)]

Other Threads:
=>0x000001b56b28e800 VMThread "VM Thread" [stack: 0x0000004a67200000,0x0000004a67300000] [id=11944]
  0x000001b56c4f0000 WatcherThread [stack: 0x0000004a67c00000,0x0000004a67d00000] [id=9676]
  0x000001b54d42e800 GCTaskThread "GC Thread#0" [stack: 0x0000004a66d00000,0x0000004a66e00000] [id=12284]
  0x000001b56cffd000 GCTaskThread "GC Thread#1" [stack: 0x0000004a67d00000,0x0000004a67e00000] [id=7608]
  0x000001b56cfad000 GCTaskThread "GC Thread#2" [stack: 0x0000004a67e00000,0x0000004a67f00000] [id=17092]
  0x000001b56d334800 GCTaskThread "GC Thread#3" [stack: 0x0000004a68000000,0x0000004a68100000] [id=18352]
  0x000001b56f8b0800 GCTaskThread "GC Thread#4" [stack: 0x0000004a68500000,0x0000004a68600000] [id=16108]
  0x000001b56f8b1000 GCTaskThread "GC Thread#5" [stack: 0x0000004a68600000,0x0000004a68700000] [id=11920]
  0x000001b56deff800 GCTaskThread "GC Thread#6" [stack: 0x0000004a68700000,0x0000004a68800000] [id=10420]
  0x000001b56de69800 GCTaskThread "GC Thread#7" [stack: 0x0000004a68800000,0x0000004a68900000] [id=4620]
  0x000001b54d461800 ConcurrentGCThread "G1 Main Marker" [stack: 0x0000004a66e00000,0x0000004a66f00000] [id=15032]
  0x000001b54d465000 ConcurrentGCThread "G1 Conc#0" [stack: 0x0000004a66f00000,0x0000004a67000000] [id=10868]
  0x000001b56d29e000 ConcurrentGCThread "G1 Conc#1" [stack: 0x0000004a68100000,0x0000004a68200000] [id=17300]
  0x000001b54d4de000 ConcurrentGCThread "G1 Refine#0" [stack: 0x0000004a67000000,0x0000004a67100000] [id=15920]
  0x000001b56b0f8800 ConcurrentGCThread "G1 Young RemSet Sampling" [stack: 0x0000004a67100000,0x0000004a67200000] [id=18616]

Threads with active compile tasks:

VM state:at safepoint (normal execution)

VM Mutex/Monitor currently owned by a thread:  ([mutex/lock_event])
[0x000001b54d417fe0] Threads_lock - owner thread: 0x000001b56b28e800
[0x000001b54d417ec0] Heap_lock - owner thread: 0x000001b54d41a800

Heap address: 0x0000000082e00000, size: 2002 MB, Compressed Oops mode: 32-bit
Narrow klass base: 0x0000000000000000, Narrow klass shift: 3
Compressed class space size: 1073741824 Address: 0x0000000100000000

Heap:
 garbage-first heap   total 129024K, used 24568K [0x0000000082e00000, 0x0000000100000000)
  region size 1024K, 5 young (5120K), 5 survivors (5120K)
 Metaspace       used 53871K, capacity 55173K, committed 55296K, reserved 1105920K
  class space    used 7289K, capacity 7850K, committed 7936K, reserved 1048576K
Heap Regions: E=young(eden), S=young(survivor), O=old, HS=humongous(starts), HC=humongous(continues), CS=collection set, F=free, A=archive, TAMS=top-at-mark-start (previous, next)
|   0|0x0000000082e00000, 0x0000000082f00000, 0x0000000082f00000|100%|HS|  |TAMS 0x0000000082f00000, 0x0000000082f00000| Complete 
|   1|0x0000000082f00000, 0x0000000083000000, 0x0000000083000000|100%| O|  |TAMS 0x0000000083000000, 0x0000000083000000| Untracked 
|   2|0x0000000083000000, 0x0000000083100000, 0x0000000083100000|100%| O|  |TAMS 0x0000000083100000, 0x0000000083100000| Untracked 
|   3|0x0000000083100000, 0x0000000083200000, 0x0000000083200000|100%| O|  |TAMS 0x0000000083200000, 0x0000000083200000| Untracked 
|   4|0x0000000083200000, 0x0000000083300000, 0x0000000083300000|100%| O|  |TAMS 0x0000000083300000, 0x0000000083300000| Untracked 
|   5|0x0000000083300000, 0x0000000083400000, 0x0000000083400000|100%| O|  |TAMS 0x0000000083400000, 0x0000000083400000| Untracked 
|   6|0x0000000083400000, 0x0000000083500000, 0x0000000083500000|100%| O|  |TAMS 0x0000000083500000, 0x0000000083500000| Untracked 
|   7|0x0000000083500000, 0x0000000083600000, 0x0000000083600000|100%| O|  |TAMS 0x0000000083600000, 0x0000000083600000| Untracked 
|   8|0x0000000083600000, 0x0000000083700000, 0x0000000083700000|100%| O|  |TAMS 0x0000000083700000, 0x0000000083700000| Untracked 
|   9|0x0000000083700000, 0x0000000083800000, 0x0000000083800000|100%| O|  |TAMS 0x0000000083800000, 0x0000000083800000| Untracked 
|  10|0x0000000083800000, 0x0000000083900000, 0x0000000083900000|100%| O|  |TAMS 0x0000000083865c00, 0x0000000083900000| Untracked 
|  11|0x0000000083900000, 0x0000000083a00000, 0x0000000083a00000|100%| O|  |TAMS 0x0000000083900000, 0x0000000083a00000| Untracked 
|  12|0x0000000083a00000, 0x0000000083b00000, 0x0000000083b00000|100%| O|  |TAMS 0x0000000083a00000, 0x0000000083b00000| Untracked 
|  13|0x0000000083b00000, 0x0000000083c00000, 0x0000000083c00000|100%| O|  |TAMS 0x0000000083b00000, 0x0000000083c00000| Untracked 
|  14|0x0000000083c00000, 0x0000000083d00000, 0x0000000083d00000|100%| O|  |TAMS 0x0000000083c00000, 0x0000000083d00000| Untracked 
|  15|0x0000000083d00000, 0x0000000083e00000, 0x0000000083e00000|100%| O|  |TAMS 0x0000000083d00000, 0x0000000083e00000| Untracked 
|  16|0x0000000083e00000, 0x0000000083f00000, 0x0000000083f00000|100%| O|  |TAMS 0x0000000083e00000, 0x0000000083f00000| Untracked 
|  17|0x0000000083f00000, 0x0000000084000000, 0x0000000084000000|100%| O|  |TAMS 0x0000000083f00000, 0x0000000084000000| Untracked 
|  18|0x0000000084000000, 0x0000000084100000, 0x0000000084100000|100%| O|  |TAMS 0x0000000084000000, 0x0000000084100000| Untracked 
|  19|0x0000000084100000, 0x0000000084173600, 0x0000000084200000| 45%| O|  |TAMS 0x0000000084100000, 0x0000000084173600| Untracked 
|  20|0x0000000084200000, 0x0000000084200000, 0x0000000084300000|  0%| F|  |TAMS 0x0000000084200000, 0x0000000084200000| Untracked 
|  21|0x0000000084300000, 0x0000000084300000, 0x0000000084400000|  0%| F|  |TAMS 0x0000000084300000, 0x0000000084300000| Untracked 
|  22|0x0000000084400000, 0x0000000084400000, 0x0000000084500000|  0%| F|  |TAMS 0x0000000084400000, 0x0000000084400000| Untracked 
|  23|0x0000000084500000, 0x0000000084500000, 0x0000000084600000|  0%| F|  |TAMS 0x0000000084500000, 0x0000000084500000| Untracked 
|  24|0x0000000084600000, 0x0000000084600000, 0x0000000084700000|  0%| F|  |TAMS 0x0000000084600000, 0x0000000084600000| Untracked 
|  25|0x0000000084700000, 0x0000000084700000, 0x0000000084800000|  0%| F|  |TAMS 0x0000000084700000, 0x0000000084700000| Untracked 
|  26|0x0000000084800000, 0x0000000084800000, 0x0000000084900000|  0%| F|  |TAMS 0x0000000084800000, 0x0000000084800000| Untracked 
|  27|0x0000000084900000, 0x0000000084900000, 0x0000000084a00000|  0%| F|  |TAMS 0x0000000084900000, 0x0000000084900000| Untracked 
|  28|0x0000000084a00000, 0x0000000084a00000, 0x0000000084b00000|  0%| F|  |TAMS 0x0000000084a00000, 0x0000000084a00000| Untracked 
|  29|0x0000000084b00000, 0x0000000084b00000, 0x0000000084c00000|  0%| F|  |TAMS 0x0000000084b00000, 0x0000000084b00000| Untracked 
|  30|0x0000000084c00000, 0x0000000084c00000, 0x0000000084d00000|  0%| F|  |TAMS 0x0000000084c00000, 0x0000000084c00000| Untracked 
|  31|0x0000000084d00000, 0x0000000084d00000, 0x0000000084e00000|  0%| F|  |TAMS 0x0000000084d00000, 0x0000000084d00000| Untracked 
|  32|0x0000000084e00000, 0x0000000084e00000, 0x0000000084f00000|  0%| F|  |TAMS 0x0000000084e00000, 0x0000000084e00000| Untracked 
|  33|0x0000000084f00000, 0x0000000084f00000, 0x0000000085000000|  0%| F|  |TAMS 0x0000000084f00000, 0x0000000084f00000| Untracked 
|  34|0x0000000085000000, 0x0000000085000000, 0x0000000085100000|  0%| F|  |TAMS 0x0000000085000000, 0x0000000085000000| Untracked 
|  35|0x0000000085100000, 0x0000000085100000, 0x0000000085200000|  0%| F|  |TAMS 0x0000000085100000, 0x0000000085100000| Untracked 
|  36|0x0000000085200000, 0x0000000085200000, 0x0000000085300000|  0%| F|  |TAMS 0x0000000085200000, 0x0000000085200000| Untracked 
|  37|0x0000000085300000, 0x0000000085300000, 0x0000000085400000|  0%| F|  |TAMS 0x0000000085300000, 0x0000000085300000| Untracked 
|  38|0x0000000085400000, 0x0000000085400000, 0x0000000085500000|  0%| F|  |TAMS 0x0000000085400000, 0x0000000085400000| Untracked 
|  39|0x0000000085500000, 0x0000000085500000, 0x0000000085600000|  0%| F|  |TAMS 0x0000000085500000, 0x0000000085500000| Untracked 
|  40|0x0000000085600000, 0x0000000085600000, 0x0000000085700000|  0%| F|  |TAMS 0x0000000085600000, 0x0000000085600000| Untracked 
|  41|0x0000000085700000, 0x0000000085700000, 0x0000000085800000|  0%| F|  |TAMS 0x0000000085700000, 0x0000000085700000| Untracked 
|  42|0x0000000085800000, 0x0000000085800000, 0x0000000085900000|  0%| F|  |TAMS 0x0000000085800000, 0x0000000085800000| Untracked 
|  43|0x0000000085900000, 0x0000000085900000, 0x0000000085a00000|  0%| F|  |TAMS 0x0000000085900000, 0x0000000085900000| Untracked 
|  44|0x0000000085a00000, 0x0000000085a00000, 0x0000000085b00000|  0%| F|  |TAMS 0x0000000085a00000, 0x0000000085a00000| Untracked 
|  45|0x0000000085b00000, 0x0000000085b00000, 0x0000000085c00000|  0%| F|  |TAMS 0x0000000085b00000, 0x0000000085b00000| Untracked 
|  46|0x0000000085c00000, 0x0000000085c00000, 0x0000000085d00000|  0%| F|  |TAMS 0x0000000085c00000, 0x0000000085c00000| Untracked 
|  47|0x0000000085d00000, 0x0000000085d00000, 0x0000000085e00000|  0%| F|  |TAMS 0x0000000085d00000, 0x0000000085d00000| Untracked 
|  48|0x0000000085e00000, 0x0000000085e00000, 0x0000000085f00000|  0%| F|  |TAMS 0x0000000085e00000, 0x0000000085e00000| Untracked 
|  49|0x0000000085f00000, 0x0000000085f00000, 0x0000000086000000|  0%| F|  |TAMS 0x0000000085f00000, 0x0000000085f00000| Untracked 
|  50|0x0000000086000000, 0x0000000086000000, 0x0000000086100000|  0%| F|  |TAMS 0x0000000086000000, 0x0000000086000000| Untracked 
|  51|0x0000000086100000, 0x0000000086100000, 0x0000000086200000|  0%| F|  |TAMS 0x0000000086100000, 0x0000000086100000| Untracked 
|  52|0x0000000086200000, 0x0000000086200000, 0x0000000086300000|  0%| F|  |TAMS 0x0000000086200000, 0x0000000086200000| Untracked 
|  53|0x0000000086300000, 0x0000000086300000, 0x0000000086400000|  0%| F|  |TAMS 0x0000000086300000, 0x0000000086300000| Untracked 
|  54|0x0000000086400000, 0x0000000086400000, 0x0000000086500000|  0%| F|  |TAMS 0x0000000086400000, 0x0000000086400000| Untracked 
|  55|0x0000000086500000, 0x0000000086500000, 0x0000000086600000|  0%| F|  |TAMS 0x0000000086500000, 0x0000000086500000| Untracked 
|  56|0x0000000086600000, 0x0000000086600000, 0x0000000086700000|  0%| F|  |TAMS 0x0000000086600000, 0x0000000086600000| Untracked 
|  57|0x0000000086700000, 0x0000000086700000, 0x0000000086800000|  0%| F|  |TAMS 0x0000000086700000, 0x0000000086700000| Untracked 
|  58|0x0000000086800000, 0x0000000086800000, 0x0000000086900000|  0%| F|  |TAMS 0x0000000086800000, 0x0000000086800000| Untracked 
|  59|0x0000000086900000, 0x0000000086900000, 0x0000000086a00000|  0%| F|  |TAMS 0x0000000086900000, 0x0000000086900000| Untracked 
|  60|0x0000000086a00000, 0x0000000086a00000, 0x0000000086b00000|  0%| F|  |TAMS 0x0000000086a00000, 0x0000000086a00000| Untracked 
|  61|0x0000000086b00000, 0x0000000086b00000, 0x0000000086c00000|  0%| F|  |TAMS 0x0000000086b00000, 0x0000000086b00000| Untracked 
|  62|0x0000000086c00000, 0x0000000086c00000, 0x0000000086d00000|  0%| F|  |TAMS 0x0000000086c00000, 0x0000000086c00000| Untracked 
|  63|0x0000000086d00000, 0x0000000086d00000, 0x0000000086e00000|  0%| F|  |TAMS 0x0000000086d00000, 0x0000000086d00000| Untracked 
|  64|0x0000000086e00000, 0x0000000086e00000, 0x0000000086f00000|  0%| F|  |TAMS 0x0000000086e00000, 0x0000000086e00000| Untracked 
|  65|0x0000000086f00000, 0x0000000086f00000, 0x0000000087000000|  0%| F|  |TAMS 0x0000000086f00000, 0x0000000086f00000| Untracked 
|  66|0x0000000087000000, 0x0000000087000000, 0x0000000087100000|  0%| F|  |TAMS 0x0000000087000000, 0x0000000087000000| Untracked 
|  67|0x0000000087100000, 0x0000000087100000, 0x0000000087200000|  0%| F|  |TAMS 0x0000000087100000, 0x0000000087100000| Untracked 
|  68|0x0000000087200000, 0x0000000087200000, 0x0000000087300000|  0%| F|  |TAMS 0x0000000087200000, 0x0000000087200000| Untracked 
|  69|0x0000000087300000, 0x0000000087300000, 0x0000000087400000|  0%| F|  |TAMS 0x0000000087300000, 0x0000000087300000| Untracked 
|  70|0x0000000087400000, 0x0000000087400000, 0x0000000087500000|  0%| F|  |TAMS 0x0000000087400000, 0x0000000087400000| Untracked 
|  71|0x0000000087500000, 0x0000000087500000, 0x0000000087600000|  0%| F|  |TAMS 0x0000000087500000, 0x0000000087500000| Untracked 
|  72|0x0000000087600000, 0x0000000087600000, 0x0000000087700000|  0%| F|  |TAMS 0x0000000087600000, 0x0000000087600000| Untracked 
|  73|0x0000000087700000, 0x0000000087700000, 0x0000000087800000|  0%| F|  |TAMS 0x0000000087700000, 0x0000000087700000| Untracked 
|  74|0x0000000087800000, 0x0000000087800000, 0x0000000087900000|  0%| F|  |TAMS 0x0000000087800000, 0x0000000087800000| Untracked 
|  75|0x0000000087900000, 0x0000000087900000, 0x0000000087a00000|  0%| F|  |TAMS 0x0000000087900000, 0x0000000087900000| Untracked 
|  76|0x0000000087a00000, 0x0000000087a00000, 0x0000000087b00000|  0%| F|  |TAMS 0x0000000087a00000, 0x0000000087a00000| Untracked 
|  77|0x0000000087b00000, 0x0000000087b00000, 0x0000000087c00000|  0%| F|  |TAMS 0x0000000087b00000, 0x0000000087b00000| Untracked 
|  78|0x0000000087c00000, 0x0000000087c00000, 0x0000000087d00000|  0%| F|  |TAMS 0x0000000087c00000, 0x0000000087c00000| Untracked 
|  79|0x0000000087d00000, 0x0000000087d00000, 0x0000000087e00000|  0%| F|  |TAMS 0x0000000087d00000, 0x0000000087d00000| Untracked 
|  80|0x0000000087e00000, 0x0000000087e00000, 0x0000000087f00000|  0%| F|  |TAMS 0x0000000087e00000, 0x0000000087e00000| Untracked 
|  81|0x0000000087f00000, 0x0000000087f00000, 0x0000000088000000|  0%| F|  |TAMS 0x0000000087f00000, 0x0000000087f00000| Untracked 
|  82|0x0000000088000000, 0x0000000088000000, 0x0000000088100000|  0%| F|  |TAMS 0x0000000088000000, 0x0000000088000000| Untracked 
|  83|0x0000000088100000, 0x0000000088100000, 0x0000000088200000|  0%| F|  |TAMS 0x0000000088100000, 0x0000000088100000| Untracked 
|  84|0x0000000088200000, 0x0000000088200000, 0x0000000088300000|  0%| F|  |TAMS 0x0000000088200000, 0x0000000088200000| Untracked 
|  85|0x0000000088300000, 0x0000000088300000, 0x0000000088400000|  0%| F|  |TAMS 0x0000000088300000, 0x0000000088300000| Untracked 
|  86|0x0000000088400000, 0x0000000088400000, 0x0000000088500000|  0%| F|  |TAMS 0x0000000088400000, 0x0000000088400000| Untracked 
|  87|0x0000000088500000, 0x0000000088500000, 0x0000000088600000|  0%| F|  |TAMS 0x0000000088500000, 0x0000000088500000| Untracked 
|  88|0x0000000088600000, 0x0000000088600000, 0x0000000088700000|  0%| F|  |TAMS 0x0000000088600000, 0x0000000088600000| Untracked 
|  89|0x0000000088700000, 0x0000000088700000, 0x0000000088800000|  0%| F|  |TAMS 0x0000000088700000, 0x0000000088700000| Untracked 
|  90|0x0000000088800000, 0x0000000088800000, 0x0000000088900000|  0%| F|  |TAMS 0x0000000088800000, 0x0000000088800000| Untracked 
|  91|0x0000000088900000, 0x0000000088900000, 0x0000000088a00000|  0%| F|  |TAMS 0x0000000088900000, 0x0000000088900000| Untracked 
|  92|0x0000000088a00000, 0x0000000088a00000, 0x0000000088b00000|  0%| F|  |TAMS 0x0000000088a00000, 0x0000000088a00000| Untracked 
|  93|0x0000000088b00000, 0x0000000088b8abd0, 0x0000000088c00000| 54%| S|CS|TAMS 0x0000000088b00000, 0x0000000088b00000| Complete 
|  94|0x0000000088c00000, 0x0000000088d00000, 0x0000000088d00000|100%| S|CS|TAMS 0x0000000088c00000, 0x0000000088c00000| Complete 
|  95|0x0000000088d00000, 0x0000000088e00000, 0x0000000088e00000|100%| S|CS|TAMS 0x0000000088d00000, 0x0000000088d00000| Complete 
|  96|0x0000000088e00000, 0x0000000088f00000, 0x0000000088f00000|100%| S|CS|TAMS 0x0000000088e00000, 0x0000000088e00000| Complete 
|  97|0x0000000088f00000, 0x0000000089000000, 0x0000000089000000|100%| S|CS|TAMS 0x0000000088f00000, 0x0000000088f00000| Complete 
|  98|0x0000000089000000, 0x0000000089000000, 0x0000000089100000|  0%| F|  |TAMS 0x0000000089000000, 0x0000000089000000| Untracked 
|  99|0x0000000089100000, 0x0000000089100000, 0x0000000089200000|  0%| F|  |TAMS 0x0000000089100000, 0x0000000089100000| Untracked 
| 100|0x0000000089200000, 0x0000000089200000, 0x0000000089300000|  0%| F|  |TAMS 0x0000000089200000, 0x0000000089200000| Untracked 
| 101|0x0000000089300000, 0x0000000089300000, 0x0000000089400000|  0%| F|  |TAMS 0x0000000089300000, 0x0000000089300000| Untracked 
| 102|0x0000000089400000, 0x0000000089400000, 0x0000000089500000|  0%| F|  |TAMS 0x0000000089400000, 0x0000000089400000| Untracked 
| 103|0x0000000089500000, 0x0000000089500000, 0x0000000089600000|  0%| F|  |TAMS 0x0000000089500000, 0x0000000089500000| Untracked 
| 104|0x0000000089600000, 0x0000000089600000, 0x0000000089700000|  0%| F|  |TAMS 0x0000000089600000, 0x0000000089600000| Untracked 
| 105|0x0000000089700000, 0x0000000089700000, 0x0000000089800000|  0%| F|  |TAMS 0x0000000089700000, 0x0000000089700000| Untracked 
| 106|0x0000000089800000, 0x0000000089800000, 0x0000000089900000|  0%| F|  |TAMS 0x0000000089800000, 0x0000000089800000| Untracked 
| 107|0x0000000089900000, 0x0000000089900000, 0x0000000089a00000|  0%| F|  |TAMS 0x0000000089900000, 0x0000000089900000| Untracked 
| 108|0x0000000089a00000, 0x0000000089a00000, 0x0000000089b00000|  0%| F|  |TAMS 0x0000000089a00000, 0x0000000089a00000| Untracked 
| 109|0x0000000089b00000, 0x0000000089b00000, 0x0000000089c00000|  0%| F|  |TAMS 0x0000000089b00000, 0x0000000089b00000| Untracked 
| 110|0x0000000089c00000, 0x0000000089c00000, 0x0000000089d00000|  0%| F|  |TAMS 0x0000000089c00000, 0x0000000089c00000| Untracked 
| 111|0x0000000089d00000, 0x0000000089d00000, 0x0000000089e00000|  0%| F|  |TAMS 0x0000000089d00000, 0x0000000089d00000| Untracked 
| 112|0x0000000089e00000, 0x0000000089e00000, 0x0000000089f00000|  0%| F|  |TAMS 0x0000000089e00000, 0x0000000089e00000| Untracked 
| 113|0x0000000089f00000, 0x0000000089f00000, 0x000000008a000000|  0%| F|  |TAMS 0x0000000089f00000, 0x0000000089f00000| Untracked 
| 114|0x000000008a000000, 0x000000008a000000, 0x000000008a100000|  0%| F|  |TAMS 0x000000008a000000, 0x000000008a000000| Untracked 
| 115|0x000000008a100000, 0x000000008a100000, 0x000000008a200000|  0%| F|  |TAMS 0x000000008a100000, 0x000000008a100000| Untracked 
| 116|0x000000008a200000, 0x000000008a200000, 0x000000008a300000|  0%| F|  |TAMS 0x000000008a200000, 0x000000008a200000| Untracked 
| 117|0x000000008a300000, 0x000000008a300000, 0x000000008a400000|  0%| F|  |TAMS 0x000000008a300000, 0x000000008a300000| Untracked 
| 118|0x000000008a400000, 0x000000008a400000, 0x000000008a500000|  0%| F|  |TAMS 0x000000008a400000, 0x000000008a400000| Untracked 
| 119|0x000000008a500000, 0x000000008a500000, 0x000000008a600000|  0%| F|  |TAMS 0x000000008a500000, 0x000000008a500000| Untracked 
| 120|0x000000008a600000, 0x000000008a600000, 0x000000008a700000|  0%| F|  |TAMS 0x000000008a600000, 0x000000008a600000| Untracked 
| 121|0x000000008a700000, 0x000000008a700000, 0x000000008a800000|  0%| F|  |TAMS 0x000000008a700000, 0x000000008a700000| Untracked 
| 122|0x000000008a800000, 0x000000008a800000, 0x000000008a900000|  0%| F|  |TAMS 0x000000008a800000, 0x000000008a800000| Untracked 
| 123|0x000000008a900000, 0x000000008a900000, 0x000000008aa00000|  0%| F|  |TAMS 0x000000008a900000, 0x000000008a900000| Untracked 
| 124|0x000000008aa00000, 0x000000008aa00000, 0x000000008ab00000|  0%| F|  |TAMS 0x000000008aa00000, 0x000000008aa00000| Untracked 
| 125|0x000000008ab00000, 0x000000008ab00000, 0x000000008ac00000|  0%| F|  |TAMS 0x000000008ab00000, 0x000000008ab00000| Untracked 

Card table byte_map: [0x000001b5641d0000,0x000001b5645c0000] _byte_map_base: 0x000001b563db9000

Marking Bits (Prev, Next): (CMBitMap*) 0x000001b54d4570a8, (CMBitMap*) 0x000001b54d4570e0
 Prev Bits: [0x000001b5649b0000, 0x000001b5668f8000)
 Next Bits: [0x000001b566900000, 0x000001b568848000)

Polling page: 0x000001b54cbe0000

Metaspace:

Usage:
  Non-class:     46.21 MB capacity,    45.49 MB ( 98%) used,   576.64 KB (  1%) free+waste,   164.69 KB ( <1%) overhead. 
      Class:      7.67 MB capacity,     7.12 MB ( 93%) used,   475.82 KB (  6%) free+waste,    84.19 KB (  1%) overhead. 
       Both:     53.88 MB capacity,    52.61 MB ( 98%) used,     1.03 MB (  2%) free+waste,   248.88 KB ( <1%) overhead. 

Virtual space:
  Non-class space:       56.00 MB reserved,      46.25 MB ( 83%) committed 
      Class space:        1.00 GB reserved,       7.75 MB ( <1%) committed 
             Both:        1.05 GB reserved,      54.00 MB (  5%) committed 

Chunk freelists:
   Non-Class:  4.63 KB
       Class:  2.75 KB
        Both:  7.38 KB

CodeHeap 'non-profiled nmethods': size=238336Kb used=6413Kb max_used=6413Kb free=231922Kb
 bounds [0x000001b5551f0000, 0x000001b555840000, 0x000001b563ab0000]
CodeHeap 'non-nmethods': size=7424Kb used=1211Kb max_used=1211Kb free=6213Kb
 bounds [0x000001b554ab0000, 0x000001b554d20000, 0x000001b5551f0000]
 total_blobs=4728 nmethods=4155 adapters=498
 compilation: enabled
              stopped_count=0, restarted_count=0
 full_count=0

Compilation events (10 events):
Event: 23.075 Thread 0x000001b56bc5f800 4150       1       net.bytebuddy.implementation.bytecode.member.FieldAccess$AccessDispatcher::access$000 (5 bytes)
Event: 23.075 Thread 0x000001b56bc5f800 nmethod 4150 0x000001b555832490 code [0x000001b555832620, 0x000001b5558326b8]
Event: 23.075 Thread 0x000001b56bc5f800 4147       1       net.bytebuddy.description.type.TypeList$Explicit::<init> (10 bytes)
Event: 23.075 Thread 0x000001b56bc5f800 nmethod 4147 0x000001b555832790 code [0x000001b555832920, 0x000001b555832a38]
Event: 23.075 Thread 0x000001b56bc5f800 4153       1       net.bytebuddy.jar.asm.ByteVector::putShort (52 bytes)
Event: 23.076 Thread 0x000001b56bc5f800 nmethod 4153 0x000001b555832a90 code [0x000001b555832c40, 0x000001b555832da8]
Event: 23.100 Thread 0x000001b56bc5f800 4154       1       net.bytebuddy.description.type.TypeDescription$AbstractBase::hashCode (53 bytes)
Event: 23.101 Thread 0x000001b56bc5f800 nmethod 4154 0x000001b555832f10 code [0x000001b5558330c0, 0x000001b555833218]
Event: 23.102 Thread 0x000001b56bc5f800 4155       1       jdk.internal.org.objectweb.asm.ClassReader::readUnsignedShort (26 bytes)
Event: 23.102 Thread 0x000001b56bc5f800 nmethod 4155 0x000001b555833310 code [0x000001b5558334a0, 0x000001b5558335b8]

GC Heap History (10 events):
Event: 15.542 GC heap before
{Heap before GC invocations=5 (full 0):
 garbage-first heap   total 129024K, used 85403K [0x0000000082e00000, 0x0000000100000000)
  region size 1024K, 75 young (76800K), 5 survivors (5120K)
 Metaspace       used 32751K, capacity 33762K, committed 33792K, reserved 1079296K
  class space    used 4187K, capacity 4598K, committed 4608K, reserved 1048576K
}
Event: 15.558 GC heap after
{Heap after GC invocations=6 (full 0):
 garbage-first heap   total 129024K, used 16025K [0x0000000082e00000, 0x0000000100000000)
  region size 1024K, 7 young (7168K), 7 survivors (7168K)
 Metaspace       used 32751K, capacity 33762K, committed 33792K, reserved 1079296K
  class space    used 4187K, capacity 4598K, committed 4608K, reserved 1048576K
}
Event: 16.450 GC heap before
{Heap before GC invocations=6 (full 0):
 garbage-first heap   total 129024K, used 36505K [0x0000000082e00000, 0x0000000100000000)
  region size 1024K, 28 young (28672K), 7 survivors (7168K)
 Metaspace       used 34712K, capacity 35768K, committed 35840K, reserved 1081344K
  class space    used 4495K, capacity 4920K, committed 4992K, reserved 1048576K
}
Event: 16.473 GC heap after
{Heap after GC invocations=7 (full 0):
 garbage-first heap   total 129024K, used 17815K [0x0000000082e00000, 0x0000000100000000)
  region size 1024K, 7 young (7168K), 7 survivors (7168K)
 Metaspace       used 34712K, capacity 35768K, committed 35840K, reserved 1081344K
  class space    used 4495K, capacity 4920K, committed 4992K, reserved 1048576K
}
Event: 19.741 GC heap before
{Heap before GC invocations=8 (full 0):
 garbage-first heap   total 129024K, used 89495K [0x0000000082e00000, 0x0000000100000000)
  region size 1024K, 73 young (74752K), 7 survivors (7168K)
 Metaspace       used 40505K, capacity 41700K, committed 41984K, reserved 1085440K
  class space    used 5259K, capacity 5771K, committed 5888K, reserved 1048576K
}
Event: 19.805 GC heap after
{Heap after GC invocations=9 (full 0):
 garbage-first heap   total 129024K, used 19953K [0x0000000082e00000, 0x0000000100000000)
  region size 1024K, 7 young (7168K), 7 survivors (7168K)
 Metaspace       used 40505K, capacity 41700K, committed 41984K, reserved 1085440K
  class space    used 5259K, capacity 5771K, committed 5888K, reserved 1048576K
}
Event: 22.325 GC heap before
{Heap before GC invocations=9 (full 0):
 garbage-first heap   total 129024K, used 88561K [0x0000000082e00000, 0x0000000100000000)
  region size 1024K, 75 young (76800K), 7 survivors (7168K)
 Metaspace       used 50697K, capacity 52016K, committed 52096K, reserved 1093632K
  class space    used 6749K, capacity 7290K, committed 7296K, reserved 1048576K
}
Event: 22.338 GC heap after
{Heap after GC invocations=10 (full 0):
 garbage-first heap   total 129024K, used 24021K [0x0000000082e00000, 0x0000000100000000)
  region size 1024K, 9 young (9216K), 9 survivors (9216K)
 Metaspace       used 50697K, capacity 52016K, committed 52096K, reserved 1093632K
  class space    used 6749K, capacity 7290K, committed 7296K, reserved 1048576K
}
Event: 23.118 GC heap before
{Heap before GC invocations=10 (full 0):
 garbage-first heap   total 129024K, used 51669K [0x0000000082e00000, 0x0000000100000000)
  region size 1024K, 37 young (37888K), 9 survivors (9216K)
 Metaspace       used 53871K, capacity 55173K, committed 55296K, reserved 1103872K
  class space    used 7289K, capacity 7850K, committed 7936K, reserved 1048576K
}
Event: 23.133 GC heap after
{Heap after GC invocations=11 (full 0):
 garbage-first heap   total 129024K, used 24568K [0x0000000082e00000, 0x0000000100000000)
  region size 1024K, 5 young (5120K), 5 survivors (5120K)
 Metaspace       used 53871K, capacity 55173K, committed 55296K, reserved 1103872K
  class space    used 7289K, capacity 7850K, committed 7936K, reserved 1048576K
}

Deoptimization events (0 events):
No events

Classes redefined (0 events):
No events

Internal exceptions (10 events):
Event: 16.483 Thread 0x000001b54d41a800 Exception <a 'java/lang/NoSuchMethodError'{0x000000008ab3f260}: java.lang.invoke.DirectMethodHandle$Holder.invokeInterface(Ljava/lang/Object;Ljava/lang/Object;I)V> (0x000000008ab3f260) thrown at [./open/src/hotspot/share/interpreter/linkResolver.cpp, line
Event: 16.486 Thread 0x000001b54d41a800 Exception <a 'java/lang/NoSuchMethodError'{0x000000008ab57310}: java.lang.invoke.DirectMethodHandle$Holder.invokeVirtual(Ljava/lang/Object;Ljava/lang/Object;)I> (0x000000008ab57310) thrown at [./open/src/hotspot/share/interpreter/linkResolver.cpp, line 77
Event: 16.492 Thread 0x000001b54d41a800 Exception <a 'java/lang/IncompatibleClassChangeError'{0x000000008ab8d130}: Found class java.lang.Object, but interface was expected> (0x000000008ab8d130) thrown at [./open/src/hotspot/share/interpreter/linkResolver.cpp, line 838]
Event: 16.493 Thread 0x000001b54d41a800 Exception <a 'java/lang/NoSuchMethodError'{0x000000008ab91fd0}: java.lang.invoke.DirectMethodHandle$Holder.invokeStatic(Ljava/lang/Object;ILjava/lang/Object;)V> (0x000000008ab91fd0) thrown at [./open/src/hotspot/share/interpreter/linkResolver.cpp, line 77
Event: 18.924 Thread 0x000001b54d41a800 Exception <a 'java/io/FileNotFoundException'{0x0000000088272f10}> (0x0000000088272f10) thrown at [./open/src/hotspot/share/prims/jni.cpp, line 611]
Event: 18.925 Thread 0x000001b54d41a800 Exception <a 'java/io/FileNotFoundException'{0x00000000882742b0}> (0x00000000882742b0) thrown at [./open/src/hotspot/share/prims/jni.cpp, line 611]
Event: 19.030 Thread 0x000001b54d41a800 Exception <a 'java/lang/NoSuchMethodError'{0x0000000087e95320}: java.lang.invoke.DirectMethodHandle$Holder.invokeInterface(Ljava/lang/Object;Ljava/lang/Object;Ljava/lang/Object;Ljava/lang/Object;)I> (0x0000000087e95320) thrown at [./open/src/hotspot/share
Event: 19.132 Thread 0x000001b54d41a800 Exception <a 'java/io/FileNotFoundException'{0x0000000087927fb0}> (0x0000000087927fb0) thrown at [./open/src/hotspot/share/prims/jni.cpp, line 611]
Event: 21.591 Thread 0x000001b54d41a800 Exception <a 'java/lang/NoSuchMethodError'{0x0000000087e4f968}: java.lang.invoke.DirectMethodHandle$Holder.invokeStaticInit(Ljava/lang/Object;Ljava/lang/Object;Ljava/lang/Object;Ljava/lang/Object;)Ljava/lang/Object;> (0x0000000087e4f968) thrown at [./open
Event: 22.148 Thread 0x000001b54d41a800 Exception <a 'java/lang/NoSuchMethodError'{0x0000000086d68d20}: java.lang.invoke.DirectMethodHandle$Holder.newInvokeSpecial(Ljava/lang/Object;Ljava/lang/Object;ILjava/lang/Object;Ljava/lang/Object;)Ljava/lang/Object;> (0x0000000086d68d20) thrown at [./ope

Events (10 events):
Event: 23.113 loading class org/hibernate/persister/spi/PersisterCreationContext done
Event: 23.113 loading class org/hibernate/persister/spi/PersisterCreationContext
Event: 23.113 loading class org/hibernate/persister/spi/PersisterCreationContext done
Event: 23.113 loading class org/hibernate/persister/spi/PersisterCreationContext
Event: 23.113 loading class org/hibernate/persister/spi/PersisterCreationContext done
Event: 23.114 loading class org/hibernate/persister/spi/PersisterCreationContext
Event: 23.114 loading class org/hibernate/persister/spi/PersisterCreationContext done
Event: 23.114 loading class org/hibernate/internal/FilterHelper
Event: 23.114 loading class org/hibernate/internal/FilterHelper done
Event: 23.117 Executing VM operation: CollectForMetadataAllocation


Dynamic libraries:
0x00007ff6665d0000 - 0x00007ff6665df000 	C:\Program Files\Java\jdk-11.0.16\bin\java.exe
0x00007ffd304d0000 - 0x00007ffd306c8000 	C:\WINDOWS\SYSTEM32\ntdll.dll
0x00007ffd2ec60000 - 0x00007ffd2ed1f000 	C:\WINDOWS\System32\KERNEL32.DLL
0x00007ffd2dd10000 - 0x00007ffd2e006000 	C:\WINDOWS\System32\KERNELBASE.dll
0x00007ffd2e2b0000 - 0x00007ffd2e3b0000 	C:\WINDOWS\System32\ucrtbase.dll
0x00007ffcedd70000 - 0x00007ffcedd88000 	C:\Program Files\Java\jdk-11.0.16\bin\jli.dll
0x00007ffcecf10000 - 0x00007ffcecf25000 	C:\Program Files\Java\jdk-11.0.16\bin\VCRUNTIME140.dll
0x00007ffd2f010000 - 0x00007ffd2f0bf000 	C:\WINDOWS\System32\ADVAPI32.dll
0x00007ffd2eba0000 - 0x00007ffd2ec3e000 	C:\WINDOWS\System32\msvcrt.dll
0x00007ffd30130000 - 0x00007ffd301cc000 	C:\WINDOWS\System32\sechost.dll
0x00007ffd2ff50000 - 0x00007ffd30076000 	C:\WINDOWS\System32\RPCRT4.dll
0x00007ffd301d0000 - 0x00007ffd3036d000 	C:\WINDOWS\System32\USER32.dll
0x00007ffd2e3b0000 - 0x00007ffd2e3d2000 	C:\WINDOWS\System32\win32u.dll
0x00007ffd2e910000 - 0x00007ffd2e93c000 	C:\WINDOWS\System32\GDI32.dll
0x00007ffd2e410000 - 0x00007ffd2e525000 	C:\WINDOWS\System32\gdi32full.dll
0x00007ffd2d0a0000 - 0x00007ffd2d33a000 	C:\WINDOWS\WinSxS\amd64_microsoft.windows.common-controls_6595b64144ccf1df_6.0.19041.1110_none_60b5254171f9507e\COMCTL32.dll
0x00007ffd2e060000 - 0x00007ffd2e0fd000 	C:\WINDOWS\System32\msvcp_win.dll
0x00007ffd2b860000 - 0x00007ffd2b86a000 	C:\WINDOWS\SYSTEM32\VERSION.dll
0x00007ffd30400000 - 0x00007ffd30430000 	C:\WINDOWS\System32\IMM32.DLL
0x00007ffce5800000 - 0x00007ffce589b000 	C:\Program Files\Java\jdk-11.0.16\bin\msvcp140.dll
0x00007ffce4ce0000 - 0x00007ffce57f8000 	C:\Program Files\Java\jdk-11.0.16\bin\server\jvm.dll
0x00007ffd2f600000 - 0x00007ffd2f608000 	C:\WINDOWS\System32\PSAPI.DLL
0x00007ffd137f0000 - 0x00007ffd13817000 	C:\WINDOWS\SYSTEM32\WINMM.dll
0x00007ffd0ea70000 - 0x00007ffd0ea79000 	C:\WINDOWS\SYSTEM32\WSOCK32.dll
0x00007ffd2fe80000 - 0x00007ffd2feeb000 	C:\WINDOWS\System32\WS2_32.dll
0x00007ffd2b5a0000 - 0x00007ffd2b5b2000 	C:\WINDOWS\SYSTEM32\kernel.appcore.dll
0x00007ffd11930000 - 0x00007ffd11940000 	C:\Program Files\Java\jdk-11.0.16\bin\verify.dll
0x00007ffd2d560000 - 0x00007ffd2d744000 	C:\WINDOWS\SYSTEM32\DBGHELP.DLL
0x00007ffd2d520000 - 0x00007ffd2d554000 	C:\WINDOWS\SYSTEM32\dbgcore.DLL
0x00007ffd2e100000 - 0x00007ffd2e182000 	C:\WINDOWS\System32\bcryptPrimitives.dll
0x00007ffce9d10000 - 0x00007ffce9d38000 	C:\Program Files\Java\jdk-11.0.16\bin\java.dll
0x00007ffd115a0000 - 0x00007ffd115aa000 	C:\Program Files\Java\jdk-11.0.16\bin\jimage.dll
0x00007ffce9cf0000 - 0x00007ffce9d06000 	C:\Program Files\Java\jdk-11.0.16\bin\zip.dll
0x00007ffd2f610000 - 0x00007ffd2fd54000 	C:\WINDOWS\System32\SHELL32.dll
0x00007ffd27560000 - 0x00007ffd27cf3000 	C:\WINDOWS\SYSTEM32\windows.storage.dll
0x00007ffd2e5b0000 - 0x00007ffd2e904000 	C:\WINDOWS\System32\combase.dll
0x00007ffd2ce30000 - 0x00007ffd2ce5e000 	C:\WINDOWS\SYSTEM32\Wldp.dll
0x00007ffd2e960000 - 0x00007ffd2ea0d000 	C:\WINDOWS\System32\SHCORE.dll
0x00007ffd2ed20000 - 0x00007ffd2ed75000 	C:\WINDOWS\System32\shlwapi.dll
0x00007ffd2daf0000 - 0x00007ffd2db0f000 	C:\WINDOWS\SYSTEM32\profapi.dll
0x00007ffce9cd0000 - 0x00007ffce9ce9000 	C:\Program Files\Java\jdk-11.0.16\bin\net.dll
0x00007ffd23d30000 - 0x00007ffd23e3a000 	C:\WINDOWS\SYSTEM32\WINHTTP.dll
0x00007ffd2cc10000 - 0x00007ffd2cc7a000 	C:\WINDOWS\system32\mswsock.dll
0x00007ffce9cb0000 - 0x00007ffce9cc2000 	C:\Program Files\Java\jdk-11.0.16\bin\nio.dll
0x00007ffd2c960000 - 0x00007ffd2ca2b000 	C:\WINDOWS\SYSTEM32\DNSAPI.dll
0x00007ffd2c920000 - 0x00007ffd2c95c000 	C:\WINDOWS\SYSTEM32\IPHLPAPI.DLL
0x00007ffd2e950000 - 0x00007ffd2e958000 	C:\WINDOWS\System32\NSI.dll
0x00007ffd1a300000 - 0x00007ffd1a30a000 	C:\Windows\System32\rasadhlp.dll
0x00007ffd19f20000 - 0x00007ffd19fa2000 	C:\WINDOWS\System32\fwpuclnt.dll
0x00007ffd2e3e0000 - 0x00007ffd2e407000 	C:\WINDOWS\System32\bcrypt.dll
0x00007ffd24ca0000 - 0x00007ffd24ca9000 	C:\Program Files\Java\jdk-11.0.16\bin\management.dll
0x00007ffd24c90000 - 0x00007ffd24c9b000 	C:\Program Files\Java\jdk-11.0.16\bin\management_ext.dll
0x00007ffd2d940000 - 0x00007ffd2d958000 	C:\WINDOWS\SYSTEM32\CRYPTSP.dll
0x00007ffd2c5b0000 - 0x00007ffd2c5e4000 	C:\WINDOWS\system32\rsaenh.dll
0x00007ffd2dab0000 - 0x00007ffd2dade000 	C:\WINDOWS\SYSTEM32\USERENV.dll
0x00007ffd2cda0000 - 0x00007ffd2cdac000 	C:\WINDOWS\SYSTEM32\CRYPTBASE.dll
0x00007ffd1a2d0000 - 0x00007ffd1a2e7000 	C:\WINDOWS\SYSTEM32\dhcpcsvc6.DLL
0x00007ffd1a4c0000 - 0x00007ffd1a4dd000 	C:\WINDOWS\SYSTEM32\dhcpcsvc.DLL
0x00007ffd02420000 - 0x00007ffd02437000 	C:\WINDOWS\system32\napinsp.dll
0x00007ffd01d40000 - 0x00007ffd01d5b000 	C:\WINDOWS\system32\pnrpnsp.dll
0x00007ffd24be0000 - 0x00007ffd24bfd000 	C:\WINDOWS\system32\NLAapi.dll
0x00007ffd23d10000 - 0x00007ffd23d25000 	C:\WINDOWS\system32\wshbth.dll
0x00007ffd01d20000 - 0x00007ffd01d32000 	C:\WINDOWS\System32\winrnr.dll
0x00007ffd21fd0000 - 0x00007ffd21ff5000 	C:\Program Files\Java\jdk-11.0.16\bin\sunec.dll
0x00007ffd22690000 - 0x00007ffd2269d000 	C:\Program Files\Java\jdk-11.0.16\bin\sunmscapi.dll
0x00007ffd2dbb0000 - 0x00007ffd2dd0e000 	C:\WINDOWS\System32\CRYPT32.dll
0x00007ffd2cf80000 - 0x00007ffd2cfa8000 	C:\WINDOWS\SYSTEM32\ncrypt.dll
0x00007ffd2cf40000 - 0x00007ffd2cf7b000 	C:\WINDOWS\SYSTEM32\NTASN1.dll

dbghelp: loaded successfully - version: 4.0.5 - missing functions: none
symbol engine: initialized successfully - sym options: 0x614 - pdb path: .;C:\Program Files\Java\jdk-11.0.16\bin;C:\WINDOWS\SYSTEM32;C:\WINDOWS\WinSxS\amd64_microsoft.windows.common-controls_6595b64144ccf1df_6.0.19041.1110_none_60b5254171f9507e;C:\Program Files\Java\jdk-11.0.16\bin\server

VM Arguments:
jvm_args: -Dij.spring.boot.application.process=ccac8604-ba6f-4229-9fb5-71677b0f8878 -Dmanagement.endpoints.jmx.exposure.include=* -Dspring.application.admin.enabled=true -Dspring.jmx.enabled=true -Dspring.liveBeansView.mbeanDomain -Dspring.output.ansi.enabled=always -XX:TieredStopAtLevel=1 -Dcom.sun.management.jmxremote -Dfile.encoding=windows-1252 -Duser.country=FR -Duser.language=fr -Duser.variant 
java_command: priam.data.priamdataservice.PriamDataServiceApplication
java_class_path (initial): D:\doctorat\Projets\PRIAM-Microservices\PRIAM-Data-service\build\classes\java\main;D:\doctorat\Projets\PRIAM-Microservices\PRIAM-Data-service\build\resources\main;C:\Users\selena\.gradle\caches\modules-2\files-2.1\org.mapstruct\mapstruct\1.4.2.Final\68d82e631f75d073b3a432cb6cc1920fec57357b\mapstruct-1.4.2.Final.jar;C:\Users\selena\.gradle\caches\modules-2\files-2.1\org.springframework.cloud\spring-cloud-starter-openfeign\3.1.1\e2a5d1bd8899b7eef06cbf335b961d9af7a6a282\spring-cloud-starter-openfeign-3.1.1.jar;C:\Users\selena\.gradle\caches\modules-2\files-2.1\org.springdoc\springdoc-openapi-ui\1.6.6\47d5f8506af2457c1ecf66fc8fe58888ed8e1c66\springdoc-openapi-ui-1.6.6.jar;C:\Users\selena\.gradle\caches\modules-2\files-2.1\org.springframework.boot\spring-boot-starter-data-jpa\2.6.6\30942753cd29132913a5b642dc5b045c1cb18fd9\spring-boot-starter-data-jpa-2.6.6.jar;C:\Users\selena\.gradle\caches\modules-2\files-2.1\org.springframework.boot\spring-boot-starter-web\2.6.6\7aa73898044e9fb7dc71dbf4d4e0f2fbcc7ce25f\spring-boot-starter-web-2.6.6.jar;C:\Users\selena\.gradle\caches\modules-2\files-2.1\org.springframework.cloud\spring-cloud-starter-netflix-eureka-client\3.1.1\9e848fb1f583f7dfd66e960ffa661a168fa75051\spring-cloud-starter-netflix-eureka-client-3.1.1.jar;C:\Users\selena\.gradle\caches\modules-2\files-2.1\mysql\mysql-connector-java\8.0.28\33678b1729d4f832b9e4bcb2d5bbd67940920a7a\mysql-connector-java-8.0.28.jar;C:\Users\selena\.gradle\caches\modules-2\files-2.1\org.springframework.cloud\spring-cloud-starter-loadbalancer\3.1.1\694b14b650df8446fe0b262947e322ad2ccef7bd\spring-cloud-starter-loadbalancer-3.1.1.jar;C:\Users\selena\.gradle\caches\modules-2\files-2.1\org.springframework.cloud\spring-cloud-starter\3.1.1\d2b4f0a5522ef7656fae111f7f48ea8da3deac73\spring-cloud-starter-3.1.1.jar;C:\Users\selena\.gradle\caches\modules-2\files-2.1\org.springframework.cloud\spring-cloud-openfeign-core\3.1.1\47bb4d749970a1b73e9613497b0d7942ef076729\spring-cloud-o
Launcher Type: SUN_STANDARD

[Global flags]
     intx CICompilerCount                          = 4                                         {product} {ergonomic}
     uint ConcGCThreads                            = 2                                         {product} {ergonomic}
     uint G1ConcRefinementThreads                  = 8                                         {product} {ergonomic}
   size_t G1HeapRegionSize                         = 1048576                                   {product} {ergonomic}
    uintx GCDrainStackTargetSize                   = 64                                        {product} {ergonomic}
   size_t InitialHeapSize                          = 132120576                                 {product} {ergonomic}
     bool ManagementServer                         = true                                      {product} {command line}
   size_t MarkStackSize                            = 4194304                                   {product} {ergonomic}
   size_t MaxHeapSize                              = 2099249152                                {product} {ergonomic}
   size_t MaxNewSize                               = 1259339776                                {product} {ergonomic}
   size_t MinHeapDeltaBytes                        = 1048576                                   {product} {ergonomic}
    uintx NonNMethodCodeHeapSize                   = 7549744                                {pd product} {ergonomic}
    uintx NonProfiledCodeHeapSize                  = 244108496                              {pd product} {ergonomic}
    uintx ProfiledCodeHeapSize                     = 0                                      {pd product} {ergonomic}
    uintx ReservedCodeCacheSize                    = 251658240                              {pd product} {ergonomic}
     bool SegmentedCodeCache                       = true                                      {product} {ergonomic}
     intx TieredStopAtLevel                        = 1                                         {product} {command line}
     bool UseCompressedClassPointers               = true                                 {lp64_product} {ergonomic}
     bool UseCompressedOops                        = true                                 {lp64_product} {ergonomic}
     bool UseG1GC                                  = true                                      {product} {ergonomic}
     bool UseLargePagesIndividualAllocation        = false                                  {pd product} {ergonomic}

Logging:
Log output configuration:
 #0: stdout all=warning uptime,level,tags
 #1: stderr all=off uptime,level,tags

Environment Variables:
JAVA_HOME=C:\Program Files\Java\jdk-11.0.16
PATH=C:\Program Files\Common Files\Oracle\Java\javapath;C:\Program Files (x86)\Common Files\Oracle\Java\javapath;C:\Windows\system32;C:\Windows;C:\Windows\System32\Wbem;C:\Windows\System32\WindowsPowerShell\v1.0\;C:\Windows\System32\OpenSSH\;C:\Program Files (x86)\NVIDIA Corporation\PhysX\Common;C:\Program Files\Intel\WiFi\bin\;C:\Program Files\Common Files\Intel\WirelessCommon\;C:\WINDOWS\system32;C:\WINDOWS;C:\WINDOWS\System32\Wbem;C:\WINDOWS\System32\WindowsPowerShell\v1.0\;C:\WINDOWS\System32\OpenSSH\;C:\Program Files\Docker\Docker\resources\bin;C:\ProgramData\DockerDesktop\version-bin;C:\Program Files\Git\cmd;C:\Program Files\nodejs\;C:\Program Files (x86)\Microsoft SQL Server\160\Tools\Binn\;C:\Program Files\Microsoft SQL Server\160\Tools\Binn\;C:\Program Files\Microsoft SQL Server\Client SDK\ODBC\170\Tools\Binn\;C:\Program Files\Microsoft SQL Server\160\DTS\Binn\;C:\Program Files (x86)\Microsoft SQL Server\160\DTS\Binn\;C:\Program Files\Azure Data Studio\bin;C:\Users\selena\AppData\Local\Programs\Python\Python311\Scripts\;C:\Users\selena\AppData\Local\Programs\Python\Python311\;C:\Users\selena\AppData\Local\Microsoft\WindowsApps;C:\Users\selena\AppData\Local\JetBrains\Toolbox\scripts;C:\Users\selena\AppData\Roaming\npm;C:\Users\selena\AppData\Local\Programs\Microsoft VS Code\bin;C:\Program Files\apache-maven-3.9.1\bin;C:\Program Files\Java\jdk-11.0.16\bin;C:\Program Files\Azure Data Studio\bin;C:\Users\selena\AppData\Local\Programs\MiKTeX\miktex\bin\x64\
USERNAME=selena
OS=Windows_NT
PROCESSOR_IDENTIFIER=Intel64 Family 6 Model 142 Stepping 11, GenuineIntel



---------------  S Y S T E M  ---------------

OS: Windows 10 , 64 bit Build 19041 (10.0.19041.2913)
Hyper-V role detected

CPU:total 8 (initial active 8) (4 cores per cpu, 2 threads per core) family 6 model 142 stepping 11 microcode 0xde, cmov, cx8, fxsr, mmx, sse, sse2, sse3, ssse3, sse4.1, sse4.2, popcnt, avx, avx2, aes, clmul, erms, 3dnowpref, lzcnt, ht, tsc, tscinvbit, bmi1, bmi2, adx, fma

Memory: 4k page, system-wide physical 8006M (38M free)
TotalPageFile size 32582M (AvailPageFile size 0M)
current process WorkingSet (physical memory assigned to process): 216M, peak: 216M
current process commit charge ("private bytes"): 282M, peak: 283M

vm_info: Java HotSpot(TM) 64-Bit Server VM (11.0.16+11-LTS-199) for windows-amd64 JRE (11.0.16+11-LTS-199), built on Jun 28 2022 08:23:17 by "mach5one" with MS VC++ 15.9 (VS2017)

END.
